Log file open, 09/27/18 17:19:01
LogWindows: Failed to load 'aqProf.dll' (GetLastError=126)
LogWindows: File 'aqProf.dll' does not exist
LogWindows: Failed to load 'VtuneApi.dll' (GetLastError=126)
LogWindows: File 'VtuneApi.dll' does not exist
LogWindows: Failed to load 'VtuneApi32e.dll' (GetLastError=126)
LogWindows: File 'VtuneApi32e.dll' does not exist
LogInit: Display: Running engine for game: Game
LogPlatformFile: Not using cached read wrapper
LogInit: Display: RandInit(-1494417579) SRandInit(-1494417579).
LogInit: Read version file with build ID '3944462'
LogInit: Overriding engine version to CL 4033788, compatible CL 3944462
LogInit: Registered custom module enumerator with build ID '3944462'
LogTaskGraph: Started task graph with 5 named threads and 11 total threads with 3 sets of task threads.
LogStats: Stats thread started at 6.195361
LogD3D11RHI: Aftermath initialized
LogICUInternationalization: Display: ICU TimeZone Detection - Raw Offset: +2:00, Platform Override: ''
LogModuleManager: Display: Found up-to-date module file ../../../Engine/Plugins/2D/Paper2D/Binaries/Win64/UE4Editor-Paper2D.dll (API version 3944462).
LogModuleManager: Display: Found up-to-date module file ../../../Engine/Plugins/2D/Paper2D/Binaries/Win64/UE4Editor-Paper2DEditor.dll (API version 3944462).
LogModuleManager: Display: Found up-to-date module file ../../../Engine/Plugins/2D/Paper2D/Binaries/Win64/UE4Editor-PaperSpriteSheetImporter.dll (API version 3944462).
LogModuleManager: Display: Found up-to-date module file ../../../Engine/Plugins/2D/Paper2D/Binaries/Win64/UE4Editor-PaperTiledImporter.dll (API version 3944462).
LogModuleManager: Display: Found up-to-date module file ../../../Engine/Plugins/2D/Paper2D/Binaries/Win64/UE4Editor-SmartSnapping.dll (API version 3944462).
LogModuleManager: Display: Found up-to-date module file ../../../Engine/Plugins/Blendables/LightPropagationVolume/Binaries/Win64/UE4Editor-LightPropagationVolumeRuntime.dll (API version 3944462).
LogModuleManager: Display: Found up-to-date module file ../../../Engine/Plugins/Blendables/LightPropagationVolume/Binaries/Win64/UE4Editor-LightPropagationVolumeEditor.dll (API version 3944462).
LogModuleManager: Display: Found up-to-date module file ../../../Engine/Plugins/Developer/CLionSourceCodeAccess/Binaries/Win64/UE4Editor-CLionSourceCodeAccess.dll (API version 3944462).
LogModuleManager: Display: Found up-to-date module file ../../../Engine/Plugins/Developer/GitSourceControl/Binaries/Win64/UE4Editor-GitSourceControl.dll (API version 3944462).
LogModuleManager: Display: Found up-to-date module file ../../../Engine/Plugins/Developer/PerforceSourceControl/Binaries/Win64/UE4Editor-PerforceSourceControl.dll (API version 3944462).
LogModuleManager: Display: Found up-to-date module file ../../../Engine/Plugins/Developer/SubversionSourceControl/Binaries/Win64/UE4Editor-SubversionSourceControl.dll (API version 3944462).
LogModuleManager: Display: Found up-to-date module file ../../../Engine/Plugins/Developer/UObjectPlugin/Binaries/Win64/UE4Editor-UObjectPlugin.dll (API version 3944462).
LogModuleManager: Display: Found up-to-date module file ../../../Engine/Plugins/Developer/VisualStudioCodeSourceCodeAccess/Binaries/Win64/UE4Editor-VisualStudioCodeSourceCodeAccess.dll (API version 3944462).
LogModuleManager: Display: Found up-to-date module file ../../../Engine/Plugins/Developer/VisualStudioSourceCodeAccess/Binaries/Win64/UE4Editor-VisualStudioSourceCodeAccess.dll (API version 3944462).
LogModuleManager: Display: Found up-to-date module file ../../../Engine/Plugins/Editor/AssetManagerEditor/Binaries/Win64/UE4Editor-AssetManagerEditor.dll (API version 3944462).
LogModuleManager: Display: Found up-to-date module file ../../../Engine/Plugins/Editor/CryptoKeys/Binaries/Win64/UE4Editor-CryptoKeys.dll (API version 3944462).
LogModuleManager: Display: Found up-to-date module file ../../../Engine/Plugins/Editor/CryptoKeys/Binaries/Win64/UE4Editor-CryptoKeysOpenSSL.dll (API version 3944462).
LogModuleManager: Display: Found up-to-date module file ../../../Engine/Plugins/Editor/DataValidation/Binaries/Win64/UE4Editor-DataValidation.dll (API version 3944462).
LogModuleManager: Display: Found up-to-date module file ../../../Engine/Plugins/Editor/FacialAnimation/Binaries/Win64/UE4Editor-FacialAnimation.dll (API version 3944462).
LogModuleManager: Display: Found up-to-date module file ../../../Engine/Plugins/Editor/FacialAnimation/Binaries/Win64/UE4Editor-FacialAnimationEditor.dll (API version 3944462).
LogModuleManager: Display: Found up-to-date module file ../../../Engine/Plugins/Editor/GameplayTagsEditor/Binaries/Win64/UE4Editor-GameplayTagsEditor.dll (API version 3944462).
LogModuleManager: Display: Found up-to-date module file ../../../Engine/Plugins/Editor/MobileLauncherProfileWizard/Binaries/Win64/UE4Editor-MobileLauncherProfileWizard.dll (API version 3944462).
LogModuleManager: Display: Found up-to-date module file ../../../Engine/Plugins/Editor/PluginBrowser/Binaries/Win64/UE4Editor-PluginBrowser.dll (API version 3944462).
LogModuleManager: Display: Found up-to-date module file ../../../Engine/Plugins/Editor/SpeedTreeImporter/Binaries/Win64/UE4Editor-SpeedTreeImporter.dll (API version 3944462).
LogModuleManager: Display: Found up-to-date module file ../../../Engine/Plugins/Enterprise/DatasmithContent/Binaries/Win64/UE4Editor-DatasmithContent.dll (API version 3944462).
LogModuleManager: Display: Found up-to-date module file ../../../Engine/Plugins/Experimental/AlembicImporter/Binaries/Win64/UE4Editor-AlembicImporter.dll (API version 3944462).
LogModuleManager: Display: Found up-to-date module file ../../../Engine/Plugins/Experimental/AlembicImporter/Binaries/Win64/UE4Editor-AlembicLibrary.dll (API version 3944462).
LogModuleManager: Display: Found up-to-date module file ../../../Engine/Plugins/Experimental/CharacterAI/Binaries/Win64/UE4Editor-CharacterAI.dll (API version 3944462).
LogModuleManager: Display: Found up-to-date module file ../../../Engine/Plugins/Experimental/HTML5Networking/Binaries/Win64/UE4Editor-HTML5Networking.dll (API version 3944462).
LogModuleManager: Display: Found up-to-date module file ../../../Engine/Plugins/Media/AndroidMedia/Binaries/Win64/UE4Editor-AndroidMediaEditor.dll (API version 3944462).
LogModuleManager: Display: Found up-to-date module file ../../../Engine/Plugins/Media/AndroidMedia/Binaries/Win64/UE4Editor-AndroidMediaFactory.dll (API version 3944462).
LogModuleManager: Display: Found up-to-date module file ../../../Engine/Plugins/Media/AvfMedia/Binaries/Win64/UE4Editor-AvfMediaEditor.dll (API version 3944462).
LogModuleManager: Display: Found up-to-date module file ../../../Engine/Plugins/Media/AvfMedia/Binaries/Win64/UE4Editor-AvfMediaFactory.dll (API version 3944462).
LogModuleManager: Display: Found up-to-date module file ../../../Engine/Plugins/Media/AvfMedia/Binaries/Win64/UE4Editor-AvfMediaFactory.dll (API version 3944462).
LogModuleManager: Display: Found up-to-date module file ../../../Engine/Plugins/Media/ImgMedia/Binaries/Win64/UE4Editor-ImgMedia.dll (API version 3944462).
LogModuleManager: Display: Found up-to-date module file ../../../Engine/Plugins/Media/ImgMedia/Binaries/Win64/UE4Editor-ImgMediaEditor.dll (API version 3944462).
LogModuleManager: Display: Found up-to-date module file ../../../Engine/Plugins/Media/ImgMedia/Binaries/Win64/UE4Editor-ImgMediaFactory.dll (API version 3944462).
LogModuleManager: Display: Found up-to-date module file ../../../Engine/Plugins/Media/ImgMedia/Binaries/Win64/UE4Editor-ImgMediaFactory.dll (API version 3944462).
LogModuleManager: Display: Found up-to-date module file ../../../Engine/Plugins/Media/ImgMedia/Binaries/Win64/UE4Editor-OpenExrWrapper.dll (API version 3944462).
LogModuleManager: Display: Found up-to-date module file ../../../Engine/Plugins/Media/LinearTimecode/Binaries/Win64/UE4Editor-LinearTimecode.dll (API version 3944462).
LogModuleManager: Display: Found up-to-date module file ../../../Engine/Plugins/Media/MediaCompositing/Binaries/Win64/UE4Editor-MediaCompositing.dll (API version 3944462).
LogModuleManager: Display: Found up-to-date module file ../../../Engine/Plugins/Media/MediaCompositing/Binaries/Win64/UE4Editor-MediaCompositingEditor.dll (API version 3944462).
LogModuleManager: Display: Found up-to-date module file ../../../Engine/Plugins/Media/MediaPlayerEditor/Binaries/Win64/UE4Editor-MediaPlayerEditor.dll (API version 3944462).
LogModuleManager: Display: Found up-to-date module file ../../../Engine/Plugins/Media/WmfMedia/Binaries/Win64/UE4Editor-WmfMedia.dll (API version 3944462).
LogModuleManager: Display: Found up-to-date module file ../../../Engine/Plugins/Media/WmfMedia/Binaries/Win64/UE4Editor-WmfMediaEditor.dll (API version 3944462).
LogModuleManager: Display: Found up-to-date module file ../../../Engine/Plugins/Media/WmfMedia/Binaries/Win64/UE4Editor-WmfMediaFactory.dll (API version 3944462).
LogModuleManager: Display: Found up-to-date module file ../../../Engine/Plugins/Media/WmfMedia/Binaries/Win64/UE4Editor-WmfMediaFactory.dll (API version 3944462).
LogModuleManager: Display: Found up-to-date module file ../../../Engine/Plugins/Messaging/TcpMessaging/Binaries/Win64/UE4Editor-TcpMessaging.dll (API version 3944462).
LogModuleManager: Display: Found up-to-date module file ../../../Engine/Plugins/Messaging/UdpMessaging/Binaries/Win64/UE4Editor-UdpMessaging.dll (API version 3944462).
LogModuleManager: Display: Found up-to-date module file ../../../Engine/Plugins/MovieScene/ActorSequence/Binaries/Win64/UE4Editor-ActorSequence.dll (API version 3944462).
LogModuleManager: Display: Found up-to-date module file ../../../Engine/Plugins/MovieScene/LevelSequenceEditor/Binaries/Win64/UE4Editor-LevelSequenceEditor.dll (API version 3944462).
LogModuleManager: Display: Found up-to-date module file ../../../Engine/Plugins/MovieScene/MatineeToLevelSequence/Binaries/Win64/UE4Editor-MatineeToLevelSequence.dll (API version 3944462).
LogModuleManager: Display: Found up-to-date module file ../../../Engine/Plugins/NetcodeUnitTest/NetcodeUnitTest/Binaries/Win64/UE4Editor-NetcodeUnitTest.dll (API version 3944462).
LogModuleManager: Display: Found up-to-date module file ../../../Engine/Plugins/NetcodeUnitTest/NUTUnrealEngine4/Binaries/Win64/UE4Editor-NUTUnrealEngine4.dll (API version 3944462).
LogModuleManager: Display: Found up-to-date module file ../../../Engine/Plugins/Online/OnlineSubsystem/Binaries/Win64/UE4Editor-OnlineSubsystem.dll (API version 3944462).
LogModuleManager: Display: Found up-to-date module file ../../../Engine/Plugins/Runtime/AndroidPermission/Binaries/Win64/UE4Editor-AndroidPermission.dll (API version 3944462).
LogModuleManager: Display: Found up-to-date module file ../../../Engine/Plugins/Online/OnlineSubsystemNull/Binaries/Win64/UE4Editor-OnlineSubsystemNull.dll (API version 3944462).
LogModuleManager: Display: Found up-to-date module file ../../../Engine/Plugins/Online/OnlineSubsystemUtils/Binaries/Win64/UE4Editor-OnlineSubsystemUtils.dll (API version 3944462).
LogModuleManager: Display: Found up-to-date module file ../../../Engine/Plugins/Online/OnlineSubsystemUtils/Binaries/Win64/UE4Editor-OnlineBlueprintSupport.dll (API version 3944462).
LogModuleManager: Display: Found up-to-date module file ../../../Engine/Plugins/Runtime/AndroidDeviceProfileSelector/Binaries/Win64/UE4Editor-AndroidDeviceProfileSelector.dll (API version 3944462).
LogModuleManager: Display: Found up-to-date module file ../../../Engine/Plugins/Runtime/AppleARKit/Binaries/Win64/UE4Editor-AppleARKit.dll (API version 3944462).
LogModuleManager: Display: Found up-to-date module file ../../../Engine/Plugins/Runtime/ProceduralMeshComponent/Binaries/Win64/UE4Editor-ProceduralMeshComponent.dll (API version 3944462).
LogModuleManager: Display: Found up-to-date module file ../../../Engine/Plugins/Runtime/ProceduralMeshComponent/Binaries/Win64/UE4Editor-ProceduralMeshComponentEditor.dll (API version 3944462).
LogModuleManager: Display: Found up-to-date module file ../../../Engine/Plugins/Animation/LiveLink/Binaries/Win64/UE4Editor-LiveLink.dll (API version 3944462).
LogModuleManager: Display: Found up-to-date module file ../../../Engine/Plugins/Animation/LiveLink/Binaries/Win64/UE4Editor-LiveLinkEditor.dll (API version 3944462).
LogModuleManager: Display: Found up-to-date module file ../../../Engine/Plugins/Runtime/ArchVisCharacter/Binaries/Win64/UE4Editor-ArchVisCharacter.dll (API version 3944462).
LogModuleManager: Display: Found up-to-date module file ../../../Engine/Plugins/Runtime/AudioCapture/Binaries/Win64/UE4Editor-AudioCapture.dll (API version 3944462).
LogModuleManager: Display: Found up-to-date module file ../../../Engine/Plugins/Runtime/AudioCapture/Binaries/Win64/UE4Editor-AudioCaptureEditor.dll (API version 3944462).
LogModuleManager: Display: Found up-to-date module file ../../../Engine/Plugins/Runtime/CableComponent/Binaries/Win64/UE4Editor-CableComponent.dll (API version 3944462).
LogModuleManager: Display: Found up-to-date module file ../../../Engine/Plugins/Runtime/CustomMeshComponent/Binaries/Win64/UE4Editor-CustomMeshComponent.dll (API version 3944462).
LogModuleManager: Display: Found up-to-date module file ../../../Engine/Plugins/Runtime/ExampleDeviceProfileSelector/Binaries/Win64/UE4Editor-ExampleDeviceProfileSelector.dll (API version 3944462).
LogModuleManager: Display: Found up-to-date module file ../../../Engine/Plugins/Runtime/ImmediatePhysics/Binaries/Win64/UE4Editor-ImmediatePhysics.dll (API version 3944462).
LogModuleManager: Display: Found up-to-date module file ../../../Engine/Plugins/Runtime/ImmediatePhysics/Binaries/Win64/UE4Editor-ImmediatePhysicsEditor.dll (API version 3944462).
LogModuleManager: Display: Found up-to-date module file ../../../Engine/Plugins/Runtime/LocationServicesBPLibrary/Binaries/Win64/UE4Editor-LocationServicesBPLibrary.dll (API version 3944462).
LogModuleManager: Display: Found up-to-date module file ../../../Engine/Plugins/Runtime/MobilePatchingUtils/Binaries/Win64/UE4Editor-MobilePatchingUtils.dll (API version 3944462).
LogModuleManager: Display: Found up-to-date module file ../../../Engine/Plugins/Runtime/Oculus/OculusVR/Binaries/Win64/UE4Editor-OculusHMD.dll (API version 3944462).
LogModuleManager: Display: Found up-to-date module file ../../../Engine/Plugins/Runtime/Oculus/OculusVR/Binaries/Win64/UE4Editor-OculusInput.dll (API version 3944462).
LogModuleManager: Display: Found up-to-date module file ../../../Engine/Plugins/Runtime/Oculus/OculusVR/Binaries/Win64/UE4Editor-OculusEditor.dll (API version 3944462).
LogModuleManager: Display: Found up-to-date module file ../../../Engine/Plugins/Runtime/PhysXVehicles/Binaries/Win64/UE4Editor-PhysXVehicles.dll (API version 3944462).
LogModuleManager: Display: Found up-to-date module file ../../../Engine/Plugins/Runtime/PhysXVehicles/Binaries/Win64/UE4Editor-PhysXVehiclesEditor.dll (API version 3944462).
LogModuleManager: Display: Found up-to-date module file ../../../Engine/Plugins/Runtime/RuntimePhysXCooking/Binaries/Win64/UE4Editor-RuntimePhysXCooking.dll (API version 3944462).
LogModuleManager: Display: Found up-to-date module file ../../../Engine/Plugins/Runtime/Steam/SteamVR/Binaries/Win64/UE4Editor-SteamVR.dll (API version 3944462).
LogModuleManager: Display: Found up-to-date module file ../../../Engine/Plugins/Runtime/Steam/SteamVR/Binaries/Win64/UE4Editor-SteamVRController.dll (API version 3944462).
LogModuleManager: Display: Found up-to-date module file ../../../Engine/Plugins/Runtime/WindowsMoviePlayer/Binaries/Win64/UE4Editor-WindowsMoviePlayer.dll (API version 3944462).
LogPluginManager: Mounting plugin Paper2D
LogPluginManager: Mounting plugin LiveLink
LogPluginManager: Mounting plugin LightPropagationVolume
LogPluginManager: Mounting plugin CLionSourceCodeAccess
LogPluginManager: Mounting plugin CodeLiteSourceCodeAccess
LogPluginManager: Mounting plugin GitSourceControl
LogPluginManager: Mounting plugin KDevelopSourceCodeAccess
LogPluginManager: Mounting plugin NullSourceCodeAccess
LogPluginManager: Mounting plugin PerforceSourceControl
LogPluginManager: Mounting plugin SubversionSourceControl
LogPluginManager: Mounting plugin UObjectPlugin
LogPluginManager: Mounting plugin VisualStudioCodeSourceCodeAccess
LogPluginManager: Mounting plugin VisualStudioSourceCodeAccess
LogPluginManager: Mounting plugin XCodeSourceCodeAccess
LogPluginManager: Mounting plugin AssetManagerEditor
LogPluginManager: Mounting plugin CryptoKeys
LogPluginManager: Mounting plugin DataValidation
LogPluginManager: Mounting plugin FacialAnimation
LogPluginManager: Mounting plugin GameplayTagsEditor
LogPluginManager: Mounting plugin MobileLauncherProfileWizard
LogPluginManager: Mounting plugin PluginBrowser
LogPluginManager: Mounting plugin SpeedTreeImporter
LogPluginManager: Mounting plugin DatasmithContent
LogPluginManager: Mounting plugin AlembicImporter
LogPluginManager: Mounting plugin CharacterAI
LogPluginManager: Mounting plugin HTML5Networking
LogPluginManager: Mounting plugin AndroidMedia
LogPluginManager: Mounting plugin AvfMedia
LogPluginManager: Mounting plugin ImgMedia
LogPluginManager: Mounting plugin LinearTimecode
LogPluginManager: Mounting plugin MediaCompositing
LogPluginManager: Mounting plugin MediaPlayerEditor
LogPluginManager: Mounting plugin WmfMedia
LogPluginManager: Mounting plugin TcpMessaging
LogPluginManager: Mounting plugin UdpMessaging
LogPluginManager: Mounting plugin ActorSequence
LogPluginManager: Mounting plugin LevelSequenceEditor
LogPluginManager: Mounting plugin MatineeToLevelSequence
LogPluginManager: Mounting plugin NetcodeUnitTest
LogPluginManager: Mounting plugin NUTUnrealEngine4
LogPluginManager: Mounting plugin OnlineSubsystemGooglePlay
LogPluginManager: Mounting plugin OnlineSubsystemIOS
LogPluginManager: Mounting plugin OnlineSubsystem
LogPluginManager: Mounting plugin OnlineSubsystemNull
LogPluginManager: Mounting plugin OnlineSubsystemUtils
LogPluginManager: Mounting plugin AndroidDeviceProfileSelector
LogPluginManager: Mounting plugin AndroidMoviePlayer
LogPluginManager: Mounting plugin AndroidPermission
LogPluginManager: Mounting plugin AppleARKit
LogPluginManager: Mounting plugin AppleMoviePlayer
LogPluginManager: Mounting plugin ArchVisCharacter
LogPluginManager: Mounting plugin AudioCapture
LogPluginManager: Mounting plugin CableComponent
LogPluginManager: Mounting plugin CustomMeshComponent
LogPluginManager: Mounting plugin ExampleDeviceProfileSelector
LogPluginManager: Mounting plugin GoogleCloudMessaging
LogPluginManager: Mounting plugin ImmediatePhysics
LogPluginManager: Mounting plugin IOSDeviceProfileSelector
LogPluginManager: Mounting plugin LinuxDeviceProfileSelector
LogPluginManager: Mounting plugin LocationServicesBPLibrary
LogPluginManager: Mounting plugin MobilePatchingUtils
LogPluginManager: Mounting plugin OculusVR
LogPluginManager: Plugin shader directory ../../../Engine/Plugins/Runtime/Oculus/OculusVR/Shaders found
LogPluginManager: Mapping shader source directory ../../../Engine/Plugins/Runtime/Oculus/OculusVR/Shaders to virtual directory /Plugin/OculusVR
LogPluginManager: Mounting plugin PhysXVehicles
LogPluginManager: Mounting plugin ProceduralMeshComponent
LogPluginManager: Mounting plugin RuntimePhysXCooking
LogPluginManager: Mounting plugin SteamVR
LogPluginManager: Mounting plugin WindowsMoviePlayer
LogStreaming: Display: Took  3.239s to configure plugins.
LogInit: Using libcurl 7.47.1
LogInit:  - built for x86_64-pc-win32
LogInit:  - supports SSL with OpenSSL/1.0.2g
LogInit:  - supports HTTP deflate (compression) using libz 1.2.8
LogInit:  - other features:
LogInit:      CURL_VERSION_SSL
LogInit:      CURL_VERSION_LIBZ
LogInit:      CURL_VERSION_IPV6
LogInit:      CURL_VERSION_ASYNCHDNS
LogInit:      CURL_VERSION_LARGEFILE
LogInit:      CURL_VERSION_IDN
LogInit:  CurlRequestOptions (configurable via config and command line):
LogInit:  - bVerifyPeer = false  - Libcurl will NOT verify peer certificate
LogInit:  - bUseHttpProxy = false  - Libcurl will NOT use HTTP proxy
LogInit:  - bDontReuseConnections = false  - Libcurl will reuse connections
LogInit:  - CertBundlePath = nullptr  - Libcurl will use whatever was configured at build time.
LogInit:  - MaxHostConnections = 16  - Libcurl will limit the number of connections to a host
LogInit:  - LocalHostAddr = Default
LogInit: WinSock: version 1.1 (2.2), MaxSocks=32767, MaxUdp=65467
LogInit: WinSock: I am DESKTOP-OI4DVA3 (127.0.0.1:0)
LogInit: Build: ++UE4+Release-4.19-CL-4033788
LogInit: Engine Version: 4.19.2-4033788+++UE4+Release-4.19
LogInit: Compatible Engine Version: 4.19.0-3944462+++UE4+Release-4.19
LogInit: Net CL: 3944462
LogDevObjectVersion: Number of dev versions registered: 18
LogDevObjectVersion:   Dev-Blueprints (B0D832E4-1F89-4F0D-ACCF-7EB736FD4AA2): 10
LogDevObjectVersion:   Dev-Build (E1C64328-A22C-4D53-A36C-8E866417BD8C): 0
LogDevObjectVersion:   Dev-Core (375EC13C-06E4-48FB-B500-84F0262A717E): 2
LogDevObjectVersion:   Dev-Editor (E4B068ED-F494-42E9-A231-DA0B2E46BB41): 23
LogDevObjectVersion:   Dev-Framework (CFFC743F-43B0-4480-9391-14DF171D2073): 33
LogDevObjectVersion:   Dev-Mobile (B02B49B5-BB20-44E9-A304-32B752E40360): 2
LogDevObjectVersion:   Dev-Networking (A4E4105C-59A1-49B5-A7C5-40C4547EDFEE): 0
LogDevObjectVersion:   Dev-Online (39C831C9-5AE6-47DC-9A44-9C173E1C8E7C): 0
LogDevObjectVersion:   Dev-Physics (78F01B33-EBEA-4F98-B9B4-84EACCB95AA2): 0
LogDevObjectVersion:   Dev-Platform (6631380F-2D4D-43E0-8009-CF276956A95A): 0
LogDevObjectVersion:   Dev-Rendering (12F88B9F-8875-4AFC-A67C-D90C383ABD29): 25
LogDevObjectVersion:   Dev-Sequencer (7B5AE74C-D270-4C10-A958-57980B212A5A): 6
LogDevObjectVersion:   Dev-VR (D7296918-1DD6-4BDD-9DE2-64A83CC13884): 1
LogDevObjectVersion:   Dev-LoadTimes (C2A15278-BFE7-4AFE-6C17-90FF531DF755): 1
LogDevObjectVersion:   Private-Geometry (6EACA3D4-40EC-4CC1-B786-8BED09428FC5): 2
LogDevObjectVersion:   Dev-AnimPhys (29E575DD-E0A3-4627-9D10-D276232CDCEA): 16
LogDevObjectVersion:   Dev-ReflectionCapture (6B266CEC-1EC7-4B8F-A30B-E4D90942FC07): 1
LogDevObjectVersion:   Dev-Automation (0DF73D61-A23F-47EA-B727-89E90C41499A): 1
LogInit: Compiled (64-bit): Apr 27 2018 02:06:57
LogInit: Compiled with Visual C++: 19.00.24215.01
LogInit: Build Configuration: Development
LogInit: Branch Name: ++UE4+Release-4.19
LogInit: Command Line:  
LogInit: Base Directory: E:/Programs/Unreal Engine/UE_4.19/Engine/Binaries/Win64/
LogInit: Installed Engine Build: 1
LogStreaming: Display: Took  0.163s to delete old logs.
LogInit: Presizing for max 8388607 objects, including 0 objects not considered by GC, pre-allocating 0 bytes for permanent pool.
LogInit: Object subsystem initialized
[2018.09.27-14.19.07:322][  0]LogInit: Selected Device Profile: [Windows]
[2018.09.27-14.19.07:322][  0]LogInit: Applying CVar settings loaded from the selected device profile: [Windows]
[2018.09.27-14.19.07:511][  0]LogInit: Computer: DESKTOP-OI4DVA3
[2018.09.27-14.19.07:511][  0]LogInit: User: gabri
[2018.09.27-14.19.07:511][  0]LogInit: CPU Page size=4096, Cores=2
[2018.09.27-14.19.07:511][  0]LogInit: High frequency timer resolution =2.533201 MHz
[2018.09.27-14.19.07:511][  0]LogMemory: Memory total: Physical=3.9GB (4GB approx)
[2018.09.27-14.19.07:511][  0]LogMemory: Platform Memory Stats for Windows
[2018.09.27-14.19.07:511][  0]LogMemory: Process Physical Memory: 272.50 MB used, 272.50 MB peak
[2018.09.27-14.19.07:511][  0]LogMemory: Process Virtual Memory: 265.94 MB used, 265.94 MB peak
[2018.09.27-14.19.07:511][  0]LogMemory: Physical Memory: 2398.33 MB used,  1581.07 MB free, 3979.39 MB total
[2018.09.27-14.19.07:511][  0]LogMemory: Virtual Memory: 4782.96 MB used,  1581.07 MB free, 134217728.00 MB total
[2018.09.27-14.19.09:300][  0]LogInit: Using OS detected language (en-US).
[2018.09.27-14.19.09:300][  0]LogInit: Using OS detected locale (en-US).
[2018.09.27-14.19.09:541][  0]LogTextLocalizationManager: No specific localization for 'en-US' exists, so the 'en' localization will be used.
[2018.09.27-14.19.10:685][  0]LogStreaming: Display: Took  1.354s to EndInitTextLocalization.
[2018.09.27-14.19.10:717][  0]LogInit: Setting process to per monitor DPI aware
[2018.09.27-14.19.11:619][  0]LogSlate: New Slate User Created.  User Index 0, Is Virtual User: 0
[2018.09.27-14.19.11:619][  0]LogSlate: Slate User Registered.  User Index 0, Is Virtual User: 0
[2018.09.27-14.19.13:040][  0]LogD3D11RHI: D3D11 adapters:
[2018.09.27-14.19.13:952][  0]LogD3D11RHI:    0. 'NVIDIA GeForce 820M' (Feature Level 11_0)
[2018.09.27-14.19.13:952][  0]LogD3D11RHI:       969/0/1989 MB DedicatedVideo/DedicatedSystem/SharedSystem, Outputs:1, VendorId:0x10de
[2018.09.27-14.19.14:005][  0]LogD3D11RHI:    1. 'Intel(R) HD Graphics Family' (Feature Level 11_0)
[2018.09.27-14.19.14:005][  0]LogD3D11RHI:       112/0/1989 MB DedicatedVideo/DedicatedSystem/SharedSystem, Outputs:0, VendorId:0x8086
[2018.09.27-14.19.14:007][  0]LogD3D11RHI:    2. 'Microsoft Basic Render Driver' (Feature Level 11_0)
[2018.09.27-14.19.14:007][  0]LogD3D11RHI:       0/0/1989 MB DedicatedVideo/DedicatedSystem/SharedSystem, Outputs:0, VendorId:0x1414
[2018.09.27-14.19.14:007][  0]LogD3D11RHI: Chosen D3D11 Adapter: 0
[2018.09.27-14.19.14:040][  0]LogD3D11RHI: Creating new Direct3DDevice
[2018.09.27-14.19.14:044][  0]LogD3D11RHI:     GPU DeviceId: 0x1140 (for the marketing name, search the web for "GPU Device Id")
[2018.09.27-14.19.14:045][  0]LogWindows: EnumDisplayDevices:
[2018.09.27-14.19.14:045][  0]LogWindows:    0. 'Intel(R) HD Graphics Family' (P:1 D:1)
[2018.09.27-14.19.14:045][  0]LogWindows:    1. 'Intel(R) HD Graphics Family' (P:0 D:0)
[2018.09.27-14.19.14:045][  0]LogWindows:    2. 'Intel(R) HD Graphics Family' (P:0 D:0)
[2018.09.27-14.19.14:045][  0]LogWindows: DebugString: GetVideoDriverDetailsInvalid PrimaryIsNotTheChoosenAdapter GetVideoDriverDetailsInvalid PrimaryIsNotTheChoosenAdapter GetVideoDriverDetailsInvalid PrimaryIsNotTheChoosenAdapter FoundDriverCount:0 
[2018.09.27-14.19.14:045][  0]LogD3D11RHI:     Adapter Name: NVIDIA GeForce 820M
[2018.09.27-14.19.14:045][  0]LogD3D11RHI:   Driver Version: Unknown (internal:Unknown, unified:Unknown)
[2018.09.27-14.19.14:045][  0]LogD3D11RHI:      Driver Date: Unknown
[2018.09.27-14.19.14:046][  0]LogRHI: Texture pool is 678 MB (70% of 969 MB)
[2018.09.27-14.19.14:544][  0]LogD3D11RHI: Display: Timestamp queries are currently disabled on this hardware due to instability. Realtime GPU stats will not be available. You can override this behaviour by setting r.NVIDIATimestampWorkaround to 0
[2018.09.27-14.19.14:574][  0]LogD3D11RHI: [Aftermath] Aftermath enabled and primed
[2018.09.27-14.19.14:575][  0]LogD3D11RHI: [Aftermath] Aftermath enabled and primed
[2018.09.27-14.19.14:575][  0]LogD3D11RHI: Async texture creation enabled
[2018.09.27-14.19.15:144][  0]LogD3D11RHI: GPU Timing Frequency: 1000.000000 (Debug: 2 3)
[2018.09.27-14.19.15:472][  0]LogShaderCompilers: Guid format shader working directory is -12 characters bigger than the processId version (../../../../../../Projects/Unreal Engine/Project_Beta/Game/Intermediate/Shaders/WorkingDirectory/1940/).
[2018.09.27-14.19.15:481][  0]LogShaderCompilers: Cleaned the shader compiler working directory 'C:/Users/gabri/AppData/Local/Temp/UnrealShaderWorkingDir/BD15F6D04003187A28DAFEB0DEF2DE29/'.
[2018.09.27-14.19.21:690][  0]LogTemp: Display: Loaded TP AllDesktopTargetPlatform
[2018.09.27-14.19.21:721][  0]LogTemp: Display: Loaded TP MacClientTargetPlatform
[2018.09.27-14.19.21:737][  0]LogTemp: Display: Loaded TP MacNoEditorTargetPlatform
[2018.09.27-14.19.21:751][  0]LogTemp: Display: Loaded TP MacServerTargetPlatform
[2018.09.27-14.19.21:863][  0]LogTemp: Display: Loaded TP MacTargetPlatform
[2018.09.27-14.19.21:884][  0]LogTemp: Display: Loaded TP WindowsClientTargetPlatform
[2018.09.27-14.19.21:905][  0]LogTemp: Display: Loaded TP WindowsNoEditorTargetPlatform
[2018.09.27-14.19.21:924][  0]LogTemp: Display: Loaded TP WindowsServerTargetPlatform
[2018.09.27-14.19.21:938][  0]LogTemp: Display: Loaded TP WindowsTargetPlatform
[2018.09.27-14.19.21:961][  0]LogTemp: Display: Loaded TP Android_ASTCTargetPlatform
[2018.09.27-14.19.22:005][  0]LogTemp: Display: Loaded TP Android_ATCTargetPlatform
[2018.09.27-14.19.22:038][  0]LogTemp: Display: Loaded TP Android_DXTTargetPlatform
[2018.09.27-14.19.22:068][  0]LogTemp: Display: Loaded TP Android_ETC1aTargetPlatform
[2018.09.27-14.19.22:096][  0]LogTemp: Display: Loaded TP Android_ETC1TargetPlatform
[2018.09.27-14.19.22:115][  0]LogTemp: Display: Loaded TP Android_ETC2TargetPlatform
[2018.09.27-14.19.22:184][  0]LogTemp: Display: Loaded TP Android_MultiTargetPlatform
[2018.09.27-14.19.22:184][  0]LogTemp: Display: Loaded TP Android_PVRTCTargetPlatform
[2018.09.27-14.19.22:247][  0]LogTemp: Display: Loaded TP AndroidTargetPlatform
[2018.09.27-14.19.22:265][  0]LogTemp: Display: Loaded TP HTML5TargetPlatform
[2018.09.27-14.19.22:429][  0]LogTemp: Display: Loaded TP IOSTargetPlatform
[2018.09.27-14.19.22:454][  0]LogTemp: Display: Loaded TP TVOSTargetPlatform
[2018.09.27-14.19.22:504][  0]LogTemp: Display: Loaded TP LinuxClientTargetPlatform
[2018.09.27-14.19.22:525][  0]LogTemp: Display: Loaded TP LinuxNoEditorTargetPlatform
[2018.09.27-14.19.22:557][  0]LogTemp: Display: Loaded TP LinuxServerTargetPlatform
[2018.09.27-14.19.22:636][  0]LogTemp: Display: Loaded TP LinuxTargetPlatform
[2018.09.27-14.19.22:636][  0]LogTargetPlatformManager: Display: Building Assets For Windows
[2018.09.27-14.19.23:973][  0]LogXGEController: Cleaning working directory: C:/Users/gabri/AppData/Local/Temp/UnrealXGEWorkingDir/
[2018.09.27-14.19.23:973][  0]LogXGEController: Cannot use XGE Controller as Incredibuild is not installed on this machine.
[2018.09.27-14.19.23:990][  0]LogShaderCompilers: Cannot use XGE Shader Compiler as Incredibuild is not installed on this machine.
[2018.09.27-14.19.23:990][  0]LogShaderCompilers: Display: Using Local Shader Compiler.
[2018.09.27-14.19.27:440][  0]LogDerivedDataCache: Display: Max Cache Size: 512 MB
[2018.09.27-14.19.28:249][  0]LogDerivedDataCache: Loaded boot cache 0.78s 74MB C:/Users/gabri/AppData/Local/UnrealEngine/4.19/DerivedDataCache/Boot.ddc.
[2018.09.27-14.19.28:249][  0]LogDerivedDataCache: Display: Loaded Boot cache: C:/Users/gabri/AppData/Local/UnrealEngine/4.19/DerivedDataCache/Boot.ddc
[2018.09.27-14.19.28:249][  0]LogDerivedDataCache: FDerivedDataBackendGraph:  Pak pak cache file ../../../../../../Projects/Unreal Engine/Project_Beta/Game/DerivedDataCache/DDC.ddp not found, will not use a pak cache.
[2018.09.27-14.19.28:249][  0]LogDerivedDataCache: Unable to find inner node Pak for hierarchical cache Hierarchy.
[2018.09.27-14.19.28:249][  0]LogDerivedDataCache: FDerivedDataBackendGraph:  CompressedPak pak cache file ../../../../../../Projects/Unreal Engine/Project_Beta/Game/DerivedDataCache/Compressed.ddp not found, will not use a pak cache.
[2018.09.27-14.19.28:249][  0]LogDerivedDataCache: Unable to find inner node CompressedPak for hierarchical cache Hierarchy.
[2018.09.27-14.19.28:401][  0]LogDerivedDataCache: Display: Pak cache opened for reading ../../../Engine/DerivedDataCache/Compressed.ddp.
[2018.09.27-14.19.28:456][  0]LogDerivedDataCache: Using Local data cache path C:/Users/gabri/AppData/Local/UnrealEngine/Common/DerivedDataCache: Writable
[2018.09.27-14.19.28:456][  0]LogDerivedDataCache: Shared data cache path not found in *engine.ini, will not use an Shared cache.
[2018.09.27-14.19.28:456][  0]LogDerivedDataCache: Unable to find inner node Shared for hierarchical cache Hierarchy.
[2018.09.27-14.19.28:662][  0]LogMaterial: Verifying Global Shaders for PCD3D_SM5
[2018.09.27-14.19.28:746][  0]LogSlate: Using Freetype 2.6.0
[2018.09.27-14.19.28:879][  0]LogSlate: SlateFontCache - WITH_FREETYPE: 1, WITH_HARFBUZZ: 1
[2018.09.27-14.19.28:880][  0]LogSlate: SlateFontCache - WITH_FREETYPE: 1, WITH_HARFBUZZ: 1
[2018.09.27-14.19.33:928][  0]LogAssetRegistry: FAssetRegistry took 0.0315 seconds to start up
[2018.09.27-14.19.40:799][  0]LogInit: Selected Device Profile: [Windows]
[2018.09.27-14.19.45:012][  0]LogSimplygon: Simplygon DLL not present - disabling.
[2018.09.27-14.19.45:046][  0]LogMeshReduction: Using SimplygonSwarm for distributed automatic mesh merging
[2018.09.27-14.19.45:106][  0]LogMeshReduction: Using QuadricMeshReduction for automatic static mesh reduction
[2018.09.27-14.19.45:106][  0]LogMeshReduction: No automatic skeletal mesh reduction module available
[2018.09.27-14.19.45:106][  0]LogMeshReduction: No automatic mesh merging module available
[2018.09.27-14.19.45:106][  0]LogMeshMerging: No automatic mesh merging module available
[2018.09.27-14.19.45:841][  0]LogNetVersion: Game , NetCL: 3944462, EngineNetVer: 2, GameNetVer: 0 (Checksum: 2589384339)
[2018.09.27-14.19.52:042][  0]LogPackageLocalizationCache: Processed 9 localized package path(s) for 2 prioritized culture(s) in 0.329324 seconds
[2018.09.27-14.19.52:065][  0]LogUObjectArray: 36728 objects as part of root set at end of initial load.
[2018.09.27-14.19.52:065][  0]LogUObjectAllocator: 7314312 out of 0 bytes used by permanent object pool.
[2018.09.27-14.19.52:066][  0]LogUObjectArray: CloseDisregardForGC: 0/0 objects in disregard for GC pool
[2018.09.27-14.20.12:513][  0]LogTcpMessaging: Initializing TcpMessaging bridge
[2018.09.27-14.20.12:579][  0]LogUdpMessaging: Initializing bridge on interface 0.0.0.0:0 to multicast group 230.0.0.1:6666.
[2018.09.27-14.20.14:028][  0]SourceControl: Source control is disabled
[2018.09.27-14.20.14:029][  0]SourceControl: Source control is disabled
[2018.09.27-14.20.14:203][  0]SourceControl: Source control is disabled
[2018.09.27-14.20.14:249][  0]SourceControl: Source control is disabled
[2018.09.27-14.20.16:224][  0]LogAndroidPermission: UAndroidPermissionCallbackProxy::GetInstance
[2018.09.27-14.20.16:739][  0]LogOcInput: OculusInput pre-init called
[2018.09.27-14.20.17:464][  0]LogEngine: Initializing Engine...
[2018.09.27-14.20.17:497][  0]LogHMD: Failed to initialize OpenVR with code 110
[2018.09.27-14.20.17:545][  0]LogStats: UGameplayTagsManager::ConstructGameplayTagTree: Construct from data asset -  0.000 s
[2018.09.27-14.20.17:545][  0]LogStats: UGameplayTagsManager::ConstructGameplayTagTree: GameplayTagTreeChangedEvent.Broadcast -  0.000 s
[2018.09.27-14.20.19:002][  0]LogAIModule: Creating AISystem for world Untitled
[2018.09.27-14.20.19:338][  0]LogInit: XAudio2 using 'Speakers (Realtek High Definition Audio)' : 2 channels at 48 kHz using 32 bits per sample (channel mask 0x3)
[2018.09.27-14.20.19:372][  0]LogInit: FAudioDevice initialized.
[2018.09.27-14.20.19:630][  0]LogDerivedDataCache: Saved boot cache 0.21s 74MB C:/Users/gabri/AppData/Local/UnrealEngine/4.19/DerivedDataCache/Boot.ddc.
[2018.09.27-14.20.19:689][  0]LogInit: Texture streaming: Enabled
[2018.09.27-14.20.19:951][  0]LogEngineSessionManager: EngineSessionManager initialized
[2018.09.27-14.20.20:723][  0]LogInit: Transaction tracking system initialized
[2018.09.27-14.20.22:831][  0]BlueprintLog: New page: Editor Load
[2018.09.27-14.20.27:125][  0]LocalizationService: Localization service is disabled
[2018.09.27-14.20.29:896][  0]LogConsoleResponse: Display: 
[2018.09.27-14.20.36:655][  0]LogFileCache: Scanning file cache for directory 'E:/Projects/Unreal Engine/Project_Beta/Game/Content/' took 0.16s
[2018.09.27-14.20.36:655][  0]LogCook: Display: Max memory allowance for cook 16384mb min free memory 0mb
[2018.09.27-14.20.36:655][  0]LogCook: Display: Mobile HDR setting 1
[2018.09.27-14.20.36:655][  0]LogGameplayTags: Display: UGameplayTagsManager::DoneAddingNativeTags. DelegateIsBound: 0
[2018.09.27-14.20.36:695][  0]LogStats: UGameplayTagsManager::ConstructGameplayTagTree: Construct from data asset -  0.000 s
[2018.09.27-14.20.36:695][  0]LogStats: UGameplayTagsManager::ConstructGameplayTagTree: GameplayTagTreeChangedEvent.Broadcast -  0.000 s
[2018.09.27-14.20.44:660][  0]SourceControl: Source control is disabled
[2018.09.27-14.20.44:790][  0]Cmd: MAP LOAD FILE="../../../../../../Projects/Unreal Engine/Project_Beta/Game/Content/ThirdPersonBP/Maps/ThirdPersonExampleMap.umap" TEMPLATE=0 SHOWPROGRESS=1 FEATURELEVEL=3
[2018.09.27-14.20.44:932][  0]LightingResults: New page: Lighting Build
[2018.09.27-14.20.45:385][  0]MapCheck: New page: Map Check
[2018.09.27-14.20.45:385][  0]LightingResults: New page: Lighting Build
[2018.09.27-14.20.56:118][  0]LogUObjectGlobals: Created PersistentFrame Addr=0x000002003f01a680, Size=360, Default__Twinblast_AnimBlueprint_C Function /Game/ParagonTwinblast/Characters/Heroes/TwinBlast/Twinblast_AnimBlueprint.Twinblast_AnimBlueprint_C:ExecuteUbergraph_Twinblast_AnimBlueprint
[2018.09.27-14.20.56:169][  0]LogUObjectGlobals: Created PersistentFrame Addr=0x000002003f019900, Size=368, Default__TwinblastPlayerCharacter_C Function /Game/ParagonTwinblast/Characters/Heroes/TwinBlast/TwinblastPlayerCharacter.TwinblastPlayerCharacter_C:ExecuteUbergraph_TwinblastPlayerCharacter
[2018.09.27-14.21.22:950][  0]LogUObjectGlobals: Destroyed PersistentFrame Addr=0x000002003f01a680, Size=360
[2018.09.27-14.21.22:950][  0]LogUObjectGlobals: Created PersistentFrame Addr=0x000002005aa9c580, Size=360, Default__Twinblast_AnimBlueprint_C Function /Engine/Transient.REINST_Twinblast_AnimBlueprint_C_0:ExecuteUbergraph_Twinblast_AnimBlueprint
[2018.09.27-14.21.22:967][  0]LogUObjectGlobals: Destroyed PersistentFrame Addr=0x000002003f019900, Size=368
[2018.09.27-14.21.22:967][  0]LogUObjectGlobals: Created PersistentFrame Addr=0x000002005aa7ef80, Size=368, Default__TwinblastPlayerCharacter_C Function /Engine/Transient.REINST_TwinblastPlayerCharacter_C_3:ExecuteUbergraph_TwinblastPlayerCharacter
[2018.09.27-14.21.23:566][  0]LogUObjectGlobals: Created PersistentFrame Addr=0x000002005b769600, Size=360, Default__Twinblast_AnimBlueprint_C Function /Game/ParagonTwinblast/Characters/Heroes/TwinBlast/Twinblast_AnimBlueprint.Twinblast_AnimBlueprint_C:ExecuteUbergraph_Twinblast_AnimBlueprint
[2018.09.27-14.21.23:605][  0]LogUObjectGlobals: Created PersistentFrame Addr=0x000002005b76a680, Size=368, Default__TwinblastPlayerCharacter_C Function /Game/ParagonTwinblast/Characters/Heroes/TwinBlast/TwinblastPlayerCharacter.TwinblastPlayerCharacter_C:ExecuteUbergraph_TwinblastPlayerCharacter
[2018.09.27-14.21.23:845][  0]LogUObjectGlobals: Created PersistentFrame Addr=0x000002005b7bb380, Size=296, Default__ThirdPersonCharacter_C Function /Game/ThirdPersonBP/Blueprints/ThirdPersonCharacter.ThirdPersonCharacter_C:ExecuteUbergraph_ThirdPersonCharacter
[2018.09.27-14.21.23:851][  0]LogUObjectGlobals: Destroyed PersistentFrame Addr=0x000002005b7bb380, Size=296
[2018.09.27-14.21.23:851][  0]LogUObjectGlobals: Created PersistentFrame Addr=0x000002005b7bb380, Size=296, Default__ThirdPersonCharacter_C Function /Engine/Transient.REINST_ThirdPersonCharacter_C_6:ExecuteUbergraph_ThirdPersonCharacter
[2018.09.27-14.21.23:857][  0]LogUObjectGlobals: Created PersistentFrame Addr=0x000002005b7b9800, Size=296, Default__ThirdPersonCharacter_C Function /Game/ThirdPersonBP/Blueprints/ThirdPersonCharacter.ThirdPersonCharacter_C:ExecuteUbergraph_ThirdPersonCharacter
[2018.09.27-14.21.44:588][  0]LogSkeletalMesh: Skeletal Mesh found in DDC [178.081406ms] /Game/ParagonTwinblast/Characters/Heroes/TwinBlast/Skins/Tier2/ActionMovie/Meshes/TwinBlast_ActionHero.TwinBlast_ActionHero
[2018.09.27-14.21.48:601][  0]LogAIModule: Creating AISystem for world ThirdPersonExampleMap
[2018.09.27-14.21.50:119][  0]LogScriptCore: Warning: Script Msg: Divide by zero detected: 0.000000 / 0
Script call stack:
	Function /Game/ParagonTwinblast/Characters/Heroes/TwinBlast/Twinblast_AnimBlueprint.Twinblast_AnimBlueprint_C:BlueprintUpdateAnimation
	Function /Game/ParagonTwinblast/Characters/Heroes/TwinBlast/Twinblast_AnimBlueprint.Twinblast_AnimBlueprint_C:ExecuteUbergraph_Twinblast_AnimBlueprint

[2018.09.27-14.21.50:963][  0]LogEditorServer: Finished looking for orphan Actors (0.000 secs)
[2018.09.27-14.21.51:306][  0]LogUObjectGlobals: Destroyed PersistentFrame Addr=0x000002005aa9c580, Size=360
[2018.09.27-14.21.51:345][  0]LogUObjectGlobals: Destroyed PersistentFrame Addr=0x000002005aa7ef80, Size=368
[2018.09.27-14.21.51:345][  0]LogUObjectGlobals: Destroyed PersistentFrame Addr=0x000002005b7bb380, Size=296
[2018.09.27-14.21.51:645][  0]Cmd: MAP CHECKDEP NOCLEARLOG
[2018.09.27-14.21.51:843][  0]MapCheck: Map check complete: 0 Error(s), 0 Warning(s), took 193.3ms to complete.
[2018.09.27-14.21.52:026][  0]LogFileHelpers: Loading map 'ThirdPersonExampleMap' took 67.255
[2018.09.27-14.22.00:434][  0]LogCollectionManager: Loaded 0 collections in 0.001117 seconds
[2018.09.27-14.22.00:822][  0]LogFileCache: Scanning file cache for directory 'E:/Projects/Unreal Engine/Project_Beta/Game/Saved/Collections/' took 0.01s
[2018.09.27-14.22.00:822][  0]LogFileCache: Scanning file cache for directory 'E:/Projects/Unreal Engine/Project_Beta/Game/Content/Developers/gabri/Collections/' took 0.01s
[2018.09.27-14.22.00:822][  0]LogFileCache: Scanning file cache for directory 'E:/Projects/Unreal Engine/Project_Beta/Game/Content/Collections/' took 0.01s
[2018.09.27-14.22.00:822][  0]LogCollectionManager: Rebuilt the GUID cache for 0 collections in 0.000000 seconds
[2018.09.27-14.22.00:860][  0]LogContentBrowser: Native class hierarchy populated in 0.0168 seconds. Added 2452 classes and 558 folders.
[2018.09.27-14.22.01:090][  0]LogContentBrowser: Native class hierarchy updated for 'WidgetCarousel' in 0.0002 seconds. Added 0 classes and 0 folders.
[2018.09.27-14.22.02:028][  0]LogContentBrowser: Native class hierarchy updated for 'AddContentDialog' in 0.0002 seconds. Added 0 classes and 0 folders.
[2018.09.27-14.22.02:140][  0]LogContentBrowser: Native class hierarchy updated for 'SceneOutliner' in 0.0003 seconds. Added 1 classes and 2 folders.
[2018.09.27-14.22.03:607][  0]LogSlate: Took 0.009977 seconds to synchronously load lazily loaded font '../../../Engine/Content/Slate/Fonts/Roboto-Regular.ttf' (155K)
[2018.09.27-14.22.03:686][  0]LogSlate: Took 0.059030 seconds to synchronously load lazily loaded font '../../../Engine/Content/Slate/Fonts/Roboto-Bold.ttf' (160K)
[2018.09.27-14.22.03:786][  0]LogSlate: Took 0.016810 seconds to synchronously load lazily loaded font '../../../Engine/Content/Editor/Slate/Fonts/FontAwesome.ttf' (139K)
[2018.09.27-14.22.04:887][  0]LogRenderer: Reallocating scene render targets to support 796x372 Format 10 NumSamples 1 (Frame:1).
[2018.09.27-14.22.09:723][  0]LogContentBrowser: Native class hierarchy updated for 'HierarchicalLODOutliner' in 0.0003 seconds. Added 0 classes and 0 folders.
[2018.09.27-14.22.09:723][  0]LogLoad: (Engine Initialization) Total time: 208.25 seconds
[2018.09.27-14.22.09:723][  0]LogLoad: (Engine Initialization) Total Blueprint compile time: 0.00 seconds
[2018.09.27-14.22.10:895][  0]LogContentStreaming: Texture pool size now 1000 MB
[2018.09.27-14.22.12:318][  1]LogD3D11RHI: Timed out while waiting for GPU to catch up. (0.5 s)
[2018.09.27-14.22.12:318][  1]LogSlate: Took 0.038171 seconds to synchronously load lazily loaded font '../../../Engine/Content/Slate/Fonts/Roboto-Light.ttf' (167K)
[2018.09.27-14.22.13:111][  2]LogSlate: Took 0.000479 seconds to synchronously load lazily loaded font '../../../Engine/Content/Slate/Fonts/Roboto-Light.ttf' (167K)
[2018.09.27-14.22.14:425][  6]LogAssetRegistry: Asset discovery search completed in 160.5193 seconds
[2018.09.27-14.22.14:522][  6]LogCollectionManager: Rebuilt the object cache for 0 collections in 0.000000 seconds (found 0 objects)
[2018.09.27-14.22.14:522][  6]LogCollectionManager: Fixed up redirectors for 0 collections in 0.025356 seconds (updated 0 objects)
[2018.09.27-14.22.26:173][ 37]LogSlate: FSceneViewport::OnFocusLost() reason 0
