Log file open, 09/22/18 03:43:37
LogWindows: Failed to load 'aqProf.dll' (GetLastError=126)
LogWindows: File 'aqProf.dll' does not exist
LogWindows: Failed to load 'VtuneApi.dll' (GetLastError=126)
LogWindows: File 'VtuneApi.dll' does not exist
LogWindows: Failed to load 'VtuneApi32e.dll' (GetLastError=126)
LogWindows: File 'VtuneApi32e.dll' does not exist
LogInit: Display: Running engine for game: Game
LogPlatformFile: Not using cached read wrapper
LogInit: Display: RandInit(914577630) SRandInit(914577630).
LogInit: Read version file with build ID '3944462'
LogInit: Overriding engine version to CL 4033788, compatible CL 3944462
LogInit: Registered custom module enumerator with build ID '3944462'
LogTaskGraph: Started task graph with 5 named threads and 11 total threads with 3 sets of task threads.
LogStats: Stats thread started at 3.689500
LogD3D11RHI: Aftermath initialized
LogICUInternationalization: Display: ICU TimeZone Detection - Raw Offset: +2:00, Platform Override: ''
LogModuleManager: Display: Found up-to-date module file ../../../Engine/Plugins/2D/Paper2D/Binaries/Win64/UE4Editor-Paper2D.dll (API version 3944462).
LogModuleManager: Display: Found up-to-date module file ../../../Engine/Plugins/2D/Paper2D/Binaries/Win64/UE4Editor-Paper2DEditor.dll (API version 3944462).
LogModuleManager: Display: Found up-to-date module file ../../../Engine/Plugins/2D/Paper2D/Binaries/Win64/UE4Editor-PaperSpriteSheetImporter.dll (API version 3944462).
LogModuleManager: Display: Found up-to-date module file ../../../Engine/Plugins/2D/Paper2D/Binaries/Win64/UE4Editor-PaperTiledImporter.dll (API version 3944462).
LogModuleManager: Display: Found up-to-date module file ../../../Engine/Plugins/2D/Paper2D/Binaries/Win64/UE4Editor-SmartSnapping.dll (API version 3944462).
LogModuleManager: Display: Found up-to-date module file ../../../Engine/Plugins/Blendables/LightPropagationVolume/Binaries/Win64/UE4Editor-LightPropagationVolumeRuntime.dll (API version 3944462).
LogModuleManager: Display: Found up-to-date module file ../../../Engine/Plugins/Blendables/LightPropagationVolume/Binaries/Win64/UE4Editor-LightPropagationVolumeEditor.dll (API version 3944462).
LogModuleManager: Display: Found up-to-date module file ../../../Engine/Plugins/Developer/CLionSourceCodeAccess/Binaries/Win64/UE4Editor-CLionSourceCodeAccess.dll (API version 3944462).
LogModuleManager: Display: Found up-to-date module file ../../../Engine/Plugins/Developer/GitSourceControl/Binaries/Win64/UE4Editor-GitSourceControl.dll (API version 3944462).
LogModuleManager: Display: Found up-to-date module file ../../../Engine/Plugins/Developer/PerforceSourceControl/Binaries/Win64/UE4Editor-PerforceSourceControl.dll (API version 3944462).
LogModuleManager: Display: Found up-to-date module file ../../../Engine/Plugins/Developer/SubversionSourceControl/Binaries/Win64/UE4Editor-SubversionSourceControl.dll (API version 3944462).
LogModuleManager: Display: Found up-to-date module file ../../../Engine/Plugins/Developer/UObjectPlugin/Binaries/Win64/UE4Editor-UObjectPlugin.dll (API version 3944462).
LogModuleManager: Display: Found up-to-date module file ../../../Engine/Plugins/Developer/VisualStudioCodeSourceCodeAccess/Binaries/Win64/UE4Editor-VisualStudioCodeSourceCodeAccess.dll (API version 3944462).
LogModuleManager: Display: Found up-to-date module file ../../../Engine/Plugins/Developer/VisualStudioSourceCodeAccess/Binaries/Win64/UE4Editor-VisualStudioSourceCodeAccess.dll (API version 3944462).
LogModuleManager: Display: Found up-to-date module file ../../../Engine/Plugins/Editor/AssetManagerEditor/Binaries/Win64/UE4Editor-AssetManagerEditor.dll (API version 3944462).
LogModuleManager: Display: Found up-to-date module file ../../../Engine/Plugins/Editor/CryptoKeys/Binaries/Win64/UE4Editor-CryptoKeys.dll (API version 3944462).
LogModuleManager: Display: Found up-to-date module file ../../../Engine/Plugins/Editor/CryptoKeys/Binaries/Win64/UE4Editor-CryptoKeysOpenSSL.dll (API version 3944462).
LogModuleManager: Display: Found up-to-date module file ../../../Engine/Plugins/Editor/DataValidation/Binaries/Win64/UE4Editor-DataValidation.dll (API version 3944462).
LogModuleManager: Display: Found up-to-date module file ../../../Engine/Plugins/Editor/FacialAnimation/Binaries/Win64/UE4Editor-FacialAnimation.dll (API version 3944462).
LogModuleManager: Display: Found up-to-date module file ../../../Engine/Plugins/Editor/FacialAnimation/Binaries/Win64/UE4Editor-FacialAnimationEditor.dll (API version 3944462).
LogModuleManager: Display: Found up-to-date module file ../../../Engine/Plugins/Editor/GameplayTagsEditor/Binaries/Win64/UE4Editor-GameplayTagsEditor.dll (API version 3944462).
LogModuleManager: Display: Found up-to-date module file ../../../Engine/Plugins/Editor/MobileLauncherProfileWizard/Binaries/Win64/UE4Editor-MobileLauncherProfileWizard.dll (API version 3944462).
LogModuleManager: Display: Found up-to-date module file ../../../Engine/Plugins/Editor/PluginBrowser/Binaries/Win64/UE4Editor-PluginBrowser.dll (API version 3944462).
LogModuleManager: Display: Found up-to-date module file ../../../Engine/Plugins/Editor/SpeedTreeImporter/Binaries/Win64/UE4Editor-SpeedTreeImporter.dll (API version 3944462).
LogModuleManager: Display: Found up-to-date module file ../../../Engine/Plugins/Enterprise/DatasmithContent/Binaries/Win64/UE4Editor-DatasmithContent.dll (API version 3944462).
LogModuleManager: Display: Found up-to-date module file ../../../Engine/Plugins/Experimental/AlembicImporter/Binaries/Win64/UE4Editor-AlembicImporter.dll (API version 3944462).
LogModuleManager: Display: Found up-to-date module file ../../../Engine/Plugins/Experimental/AlembicImporter/Binaries/Win64/UE4Editor-AlembicLibrary.dll (API version 3944462).
LogModuleManager: Display: Found up-to-date module file ../../../Engine/Plugins/Experimental/CharacterAI/Binaries/Win64/UE4Editor-CharacterAI.dll (API version 3944462).
LogModuleManager: Display: Found up-to-date module file ../../../Engine/Plugins/Experimental/HTML5Networking/Binaries/Win64/UE4Editor-HTML5Networking.dll (API version 3944462).
LogModuleManager: Display: Found up-to-date module file ../../../Engine/Plugins/Media/AndroidMedia/Binaries/Win64/UE4Editor-AndroidMediaEditor.dll (API version 3944462).
LogModuleManager: Display: Found up-to-date module file ../../../Engine/Plugins/Media/AndroidMedia/Binaries/Win64/UE4Editor-AndroidMediaFactory.dll (API version 3944462).
LogModuleManager: Display: Found up-to-date module file ../../../Engine/Plugins/Media/AvfMedia/Binaries/Win64/UE4Editor-AvfMediaEditor.dll (API version 3944462).
LogModuleManager: Display: Found up-to-date module file ../../../Engine/Plugins/Media/AvfMedia/Binaries/Win64/UE4Editor-AvfMediaFactory.dll (API version 3944462).
LogModuleManager: Display: Found up-to-date module file ../../../Engine/Plugins/Media/AvfMedia/Binaries/Win64/UE4Editor-AvfMediaFactory.dll (API version 3944462).
LogModuleManager: Display: Found up-to-date module file ../../../Engine/Plugins/Media/ImgMedia/Binaries/Win64/UE4Editor-ImgMedia.dll (API version 3944462).
LogModuleManager: Display: Found up-to-date module file ../../../Engine/Plugins/Media/ImgMedia/Binaries/Win64/UE4Editor-ImgMediaEditor.dll (API version 3944462).
LogModuleManager: Display: Found up-to-date module file ../../../Engine/Plugins/Media/ImgMedia/Binaries/Win64/UE4Editor-ImgMediaFactory.dll (API version 3944462).
LogModuleManager: Display: Found up-to-date module file ../../../Engine/Plugins/Media/ImgMedia/Binaries/Win64/UE4Editor-ImgMediaFactory.dll (API version 3944462).
LogModuleManager: Display: Found up-to-date module file ../../../Engine/Plugins/Media/ImgMedia/Binaries/Win64/UE4Editor-OpenExrWrapper.dll (API version 3944462).
LogModuleManager: Display: Found up-to-date module file ../../../Engine/Plugins/Media/LinearTimecode/Binaries/Win64/UE4Editor-LinearTimecode.dll (API version 3944462).
LogModuleManager: Display: Found up-to-date module file ../../../Engine/Plugins/Media/MediaCompositing/Binaries/Win64/UE4Editor-MediaCompositing.dll (API version 3944462).
LogModuleManager: Display: Found up-to-date module file ../../../Engine/Plugins/Media/MediaCompositing/Binaries/Win64/UE4Editor-MediaCompositingEditor.dll (API version 3944462).
LogModuleManager: Display: Found up-to-date module file ../../../Engine/Plugins/Media/MediaPlayerEditor/Binaries/Win64/UE4Editor-MediaPlayerEditor.dll (API version 3944462).
LogModuleManager: Display: Found up-to-date module file ../../../Engine/Plugins/Media/WmfMedia/Binaries/Win64/UE4Editor-WmfMedia.dll (API version 3944462).
LogModuleManager: Display: Found up-to-date module file ../../../Engine/Plugins/Media/WmfMedia/Binaries/Win64/UE4Editor-WmfMediaEditor.dll (API version 3944462).
LogModuleManager: Display: Found up-to-date module file ../../../Engine/Plugins/Media/WmfMedia/Binaries/Win64/UE4Editor-WmfMediaFactory.dll (API version 3944462).
LogModuleManager: Display: Found up-to-date module file ../../../Engine/Plugins/Media/WmfMedia/Binaries/Win64/UE4Editor-WmfMediaFactory.dll (API version 3944462).
LogModuleManager: Display: Found up-to-date module file ../../../Engine/Plugins/Messaging/TcpMessaging/Binaries/Win64/UE4Editor-TcpMessaging.dll (API version 3944462).
LogModuleManager: Display: Found up-to-date module file ../../../Engine/Plugins/Messaging/UdpMessaging/Binaries/Win64/UE4Editor-UdpMessaging.dll (API version 3944462).
LogModuleManager: Display: Found up-to-date module file ../../../Engine/Plugins/MovieScene/ActorSequence/Binaries/Win64/UE4Editor-ActorSequence.dll (API version 3944462).
LogModuleManager: Display: Found up-to-date module file ../../../Engine/Plugins/MovieScene/LevelSequenceEditor/Binaries/Win64/UE4Editor-LevelSequenceEditor.dll (API version 3944462).
LogModuleManager: Display: Found up-to-date module file ../../../Engine/Plugins/MovieScene/MatineeToLevelSequence/Binaries/Win64/UE4Editor-MatineeToLevelSequence.dll (API version 3944462).
LogModuleManager: Display: Found up-to-date module file ../../../Engine/Plugins/NetcodeUnitTest/NetcodeUnitTest/Binaries/Win64/UE4Editor-NetcodeUnitTest.dll (API version 3944462).
LogModuleManager: Display: Found up-to-date module file ../../../Engine/Plugins/NetcodeUnitTest/NUTUnrealEngine4/Binaries/Win64/UE4Editor-NUTUnrealEngine4.dll (API version 3944462).
LogModuleManager: Display: Found up-to-date module file ../../../Engine/Plugins/Online/OnlineSubsystem/Binaries/Win64/UE4Editor-OnlineSubsystem.dll (API version 3944462).
LogModuleManager: Display: Found up-to-date module file ../../../Engine/Plugins/Runtime/AndroidPermission/Binaries/Win64/UE4Editor-AndroidPermission.dll (API version 3944462).
LogModuleManager: Display: Found up-to-date module file ../../../Engine/Plugins/Online/OnlineSubsystemNull/Binaries/Win64/UE4Editor-OnlineSubsystemNull.dll (API version 3944462).
LogModuleManager: Display: Found up-to-date module file ../../../Engine/Plugins/Online/OnlineSubsystemUtils/Binaries/Win64/UE4Editor-OnlineSubsystemUtils.dll (API version 3944462).
LogModuleManager: Display: Found up-to-date module file ../../../Engine/Plugins/Online/OnlineSubsystemUtils/Binaries/Win64/UE4Editor-OnlineBlueprintSupport.dll (API version 3944462).
LogModuleManager: Display: Found up-to-date module file ../../../Engine/Plugins/Runtime/AndroidDeviceProfileSelector/Binaries/Win64/UE4Editor-AndroidDeviceProfileSelector.dll (API version 3944462).
LogModuleManager: Display: Found up-to-date module file ../../../Engine/Plugins/Runtime/AppleARKit/Binaries/Win64/UE4Editor-AppleARKit.dll (API version 3944462).
LogModuleManager: Display: Found up-to-date module file ../../../Engine/Plugins/Runtime/ProceduralMeshComponent/Binaries/Win64/UE4Editor-ProceduralMeshComponent.dll (API version 3944462).
LogModuleManager: Display: Found up-to-date module file ../../../Engine/Plugins/Runtime/ProceduralMeshComponent/Binaries/Win64/UE4Editor-ProceduralMeshComponentEditor.dll (API version 3944462).
LogModuleManager: Display: Found up-to-date module file ../../../Engine/Plugins/Animation/LiveLink/Binaries/Win64/UE4Editor-LiveLink.dll (API version 3944462).
LogModuleManager: Display: Found up-to-date module file ../../../Engine/Plugins/Animation/LiveLink/Binaries/Win64/UE4Editor-LiveLinkEditor.dll (API version 3944462).
LogModuleManager: Display: Found up-to-date module file ../../../Engine/Plugins/Runtime/ArchVisCharacter/Binaries/Win64/UE4Editor-ArchVisCharacter.dll (API version 3944462).
LogModuleManager: Display: Found up-to-date module file ../../../Engine/Plugins/Runtime/AudioCapture/Binaries/Win64/UE4Editor-AudioCapture.dll (API version 3944462).
LogModuleManager: Display: Found up-to-date module file ../../../Engine/Plugins/Runtime/AudioCapture/Binaries/Win64/UE4Editor-AudioCaptureEditor.dll (API version 3944462).
LogModuleManager: Display: Found up-to-date module file ../../../Engine/Plugins/Runtime/CableComponent/Binaries/Win64/UE4Editor-CableComponent.dll (API version 3944462).
LogModuleManager: Display: Found up-to-date module file ../../../Engine/Plugins/Runtime/CustomMeshComponent/Binaries/Win64/UE4Editor-CustomMeshComponent.dll (API version 3944462).
LogModuleManager: Display: Found up-to-date module file ../../../Engine/Plugins/Runtime/ExampleDeviceProfileSelector/Binaries/Win64/UE4Editor-ExampleDeviceProfileSelector.dll (API version 3944462).
LogModuleManager: Display: Found up-to-date module file ../../../Engine/Plugins/Runtime/ImmediatePhysics/Binaries/Win64/UE4Editor-ImmediatePhysics.dll (API version 3944462).
LogModuleManager: Display: Found up-to-date module file ../../../Engine/Plugins/Runtime/ImmediatePhysics/Binaries/Win64/UE4Editor-ImmediatePhysicsEditor.dll (API version 3944462).
LogModuleManager: Display: Found up-to-date module file ../../../Engine/Plugins/Runtime/LocationServicesBPLibrary/Binaries/Win64/UE4Editor-LocationServicesBPLibrary.dll (API version 3944462).
LogModuleManager: Display: Found up-to-date module file ../../../Engine/Plugins/Runtime/MobilePatchingUtils/Binaries/Win64/UE4Editor-MobilePatchingUtils.dll (API version 3944462).
LogModuleManager: Display: Found up-to-date module file ../../../Engine/Plugins/Runtime/Oculus/OculusVR/Binaries/Win64/UE4Editor-OculusHMD.dll (API version 3944462).
LogModuleManager: Display: Found up-to-date module file ../../../Engine/Plugins/Runtime/Oculus/OculusVR/Binaries/Win64/UE4Editor-OculusInput.dll (API version 3944462).
LogModuleManager: Display: Found up-to-date module file ../../../Engine/Plugins/Runtime/Oculus/OculusVR/Binaries/Win64/UE4Editor-OculusEditor.dll (API version 3944462).
LogModuleManager: Display: Found up-to-date module file ../../../Engine/Plugins/Runtime/PhysXVehicles/Binaries/Win64/UE4Editor-PhysXVehicles.dll (API version 3944462).
LogModuleManager: Display: Found up-to-date module file ../../../Engine/Plugins/Runtime/PhysXVehicles/Binaries/Win64/UE4Editor-PhysXVehiclesEditor.dll (API version 3944462).
LogModuleManager: Display: Found up-to-date module file ../../../Engine/Plugins/Runtime/RuntimePhysXCooking/Binaries/Win64/UE4Editor-RuntimePhysXCooking.dll (API version 3944462).
LogModuleManager: Display: Found up-to-date module file ../../../Engine/Plugins/Runtime/Steam/SteamVR/Binaries/Win64/UE4Editor-SteamVR.dll (API version 3944462).
LogModuleManager: Display: Found up-to-date module file ../../../Engine/Plugins/Runtime/Steam/SteamVR/Binaries/Win64/UE4Editor-SteamVRController.dll (API version 3944462).
LogModuleManager: Display: Found up-to-date module file ../../../Engine/Plugins/Runtime/WindowsMoviePlayer/Binaries/Win64/UE4Editor-WindowsMoviePlayer.dll (API version 3944462).
LogPluginManager: Mounting plugin Paper2D
LogPluginManager: Mounting plugin LiveLink
LogPluginManager: Mounting plugin LightPropagationVolume
LogPluginManager: Mounting plugin CLionSourceCodeAccess
LogPluginManager: Mounting plugin CodeLiteSourceCodeAccess
LogPluginManager: Mounting plugin GitSourceControl
LogPluginManager: Mounting plugin KDevelopSourceCodeAccess
LogPluginManager: Mounting plugin NullSourceCodeAccess
LogPluginManager: Mounting plugin PerforceSourceControl
LogPluginManager: Mounting plugin SubversionSourceControl
LogPluginManager: Mounting plugin UObjectPlugin
LogPluginManager: Mounting plugin VisualStudioCodeSourceCodeAccess
LogPluginManager: Mounting plugin VisualStudioSourceCodeAccess
LogPluginManager: Mounting plugin XCodeSourceCodeAccess
LogPluginManager: Mounting plugin AssetManagerEditor
LogPluginManager: Mounting plugin CryptoKeys
LogPluginManager: Mounting plugin DataValidation
LogPluginManager: Mounting plugin FacialAnimation
LogPluginManager: Mounting plugin GameplayTagsEditor
LogPluginManager: Mounting plugin MobileLauncherProfileWizard
LogPluginManager: Mounting plugin PluginBrowser
LogPluginManager: Mounting plugin SpeedTreeImporter
LogPluginManager: Mounting plugin DatasmithContent
LogPluginManager: Mounting plugin AlembicImporter
LogPluginManager: Mounting plugin CharacterAI
LogPluginManager: Mounting plugin HTML5Networking
LogPluginManager: Mounting plugin AndroidMedia
LogPluginManager: Mounting plugin AvfMedia
LogPluginManager: Mounting plugin ImgMedia
LogPluginManager: Mounting plugin LinearTimecode
LogPluginManager: Mounting plugin MediaCompositing
LogPluginManager: Mounting plugin MediaPlayerEditor
LogPluginManager: Mounting plugin WmfMedia
LogPluginManager: Mounting plugin TcpMessaging
LogPluginManager: Mounting plugin UdpMessaging
LogPluginManager: Mounting plugin ActorSequence
LogPluginManager: Mounting plugin LevelSequenceEditor
LogPluginManager: Mounting plugin MatineeToLevelSequence
LogPluginManager: Mounting plugin NetcodeUnitTest
LogPluginManager: Mounting plugin NUTUnrealEngine4
LogPluginManager: Mounting plugin OnlineSubsystemGooglePlay
LogPluginManager: Mounting plugin OnlineSubsystemIOS
LogPluginManager: Mounting plugin OnlineSubsystem
LogPluginManager: Mounting plugin OnlineSubsystemNull
LogPluginManager: Mounting plugin OnlineSubsystemUtils
LogPluginManager: Mounting plugin AndroidDeviceProfileSelector
LogPluginManager: Mounting plugin AndroidMoviePlayer
LogPluginManager: Mounting plugin AndroidPermission
LogPluginManager: Mounting plugin AppleARKit
LogPluginManager: Mounting plugin AppleMoviePlayer
LogPluginManager: Mounting plugin ArchVisCharacter
LogPluginManager: Mounting plugin AudioCapture
LogPluginManager: Mounting plugin CableComponent
LogPluginManager: Mounting plugin CustomMeshComponent
LogPluginManager: Mounting plugin ExampleDeviceProfileSelector
LogPluginManager: Mounting plugin GoogleCloudMessaging
LogPluginManager: Mounting plugin ImmediatePhysics
LogPluginManager: Mounting plugin IOSDeviceProfileSelector
LogPluginManager: Mounting plugin LinuxDeviceProfileSelector
LogPluginManager: Mounting plugin LocationServicesBPLibrary
LogPluginManager: Mounting plugin MobilePatchingUtils
LogPluginManager: Mounting plugin OculusVR
LogPluginManager: Plugin shader directory ../../../Engine/Plugins/Runtime/Oculus/OculusVR/Shaders found
LogPluginManager: Mapping shader source directory ../../../Engine/Plugins/Runtime/Oculus/OculusVR/Shaders to virtual directory /Plugin/OculusVR
LogPluginManager: Mounting plugin PhysXVehicles
LogPluginManager: Mounting plugin ProceduralMeshComponent
LogPluginManager: Mounting plugin RuntimePhysXCooking
LogPluginManager: Mounting plugin SteamVR
LogPluginManager: Mounting plugin WindowsMoviePlayer
LogStreaming: Display: Took  3.781s to configure plugins.
LogInit: Using libcurl 7.47.1
LogInit:  - built for x86_64-pc-win32
LogInit:  - supports SSL with OpenSSL/1.0.2g
LogInit:  - supports HTTP deflate (compression) using libz 1.2.8
LogInit:  - other features:
LogInit:      CURL_VERSION_SSL
LogInit:      CURL_VERSION_LIBZ
LogInit:      CURL_VERSION_IPV6
LogInit:      CURL_VERSION_ASYNCHDNS
LogInit:      CURL_VERSION_LARGEFILE
LogInit:      CURL_VERSION_IDN
LogInit:  CurlRequestOptions (configurable via config and command line):
LogInit:  - bVerifyPeer = false  - Libcurl will NOT verify peer certificate
LogInit:  - bUseHttpProxy = false  - Libcurl will NOT use HTTP proxy
LogInit:  - bDontReuseConnections = false  - Libcurl will reuse connections
LogInit:  - CertBundlePath = nullptr  - Libcurl will use whatever was configured at build time.
LogInit:  - MaxHostConnections = 16  - Libcurl will limit the number of connections to a host
LogInit:  - LocalHostAddr = Default
LogInit: WinSock: version 1.1 (2.2), MaxSocks=32767, MaxUdp=65467
LogInit: WinSock: I am DESKTOP-OI4DVA3 (192.168.10.101:0)
LogInit: Build: ++UE4+Release-4.19-CL-4033788
LogInit: Engine Version: 4.19.2-4033788+++UE4+Release-4.19
LogInit: Compatible Engine Version: 4.19.0-3944462+++UE4+Release-4.19
LogInit: Net CL: 3944462
LogDevObjectVersion: Number of dev versions registered: 18
LogDevObjectVersion:   Dev-Blueprints (B0D832E4-1F89-4F0D-ACCF-7EB736FD4AA2): 10
LogDevObjectVersion:   Dev-Build (E1C64328-A22C-4D53-A36C-8E866417BD8C): 0
LogDevObjectVersion:   Dev-Core (375EC13C-06E4-48FB-B500-84F0262A717E): 2
LogDevObjectVersion:   Dev-Editor (E4B068ED-F494-42E9-A231-DA0B2E46BB41): 23
LogDevObjectVersion:   Dev-Framework (CFFC743F-43B0-4480-9391-14DF171D2073): 33
LogDevObjectVersion:   Dev-Mobile (B02B49B5-BB20-44E9-A304-32B752E40360): 2
LogDevObjectVersion:   Dev-Networking (A4E4105C-59A1-49B5-A7C5-40C4547EDFEE): 0
LogDevObjectVersion:   Dev-Online (39C831C9-5AE6-47DC-9A44-9C173E1C8E7C): 0
LogDevObjectVersion:   Dev-Physics (78F01B33-EBEA-4F98-B9B4-84EACCB95AA2): 0
LogDevObjectVersion:   Dev-Platform (6631380F-2D4D-43E0-8009-CF276956A95A): 0
LogDevObjectVersion:   Dev-Rendering (12F88B9F-8875-4AFC-A67C-D90C383ABD29): 25
LogDevObjectVersion:   Dev-Sequencer (7B5AE74C-D270-4C10-A958-57980B212A5A): 6
LogDevObjectVersion:   Dev-VR (D7296918-1DD6-4BDD-9DE2-64A83CC13884): 1
LogDevObjectVersion:   Dev-LoadTimes (C2A15278-BFE7-4AFE-6C17-90FF531DF755): 1
LogDevObjectVersion:   Private-Geometry (6EACA3D4-40EC-4CC1-B786-8BED09428FC5): 2
LogDevObjectVersion:   Dev-AnimPhys (29E575DD-E0A3-4627-9D10-D276232CDCEA): 16
LogDevObjectVersion:   Dev-ReflectionCapture (6B266CEC-1EC7-4B8F-A30B-E4D90942FC07): 1
LogDevObjectVersion:   Dev-Automation (0DF73D61-A23F-47EA-B727-89E90C41499A): 1
LogInit: Compiled (64-bit): Apr 27 2018 02:06:57
LogInit: Compiled with Visual C++: 19.00.24215.01
LogInit: Build Configuration: Development
LogInit: Branch Name: ++UE4+Release-4.19
LogInit: Command Line: 
LogInit: Base Directory: E:/Programs/Unreal Engine/UE_4.19/Engine/Binaries/Win64/
LogInit: Installed Engine Build: 1
LogStreaming: Display: Took  0.026s to delete old logs.
LogInit: Presizing for max 8388607 objects, including 0 objects not considered by GC, pre-allocating 0 bytes for permanent pool.
LogInit: Object subsystem initialized
[2018.09.22-00.43.42:269][  0]LogInit: Selected Device Profile: [Windows]
[2018.09.22-00.43.42:269][  0]LogInit: Applying CVar settings loaded from the selected device profile: [Windows]
[2018.09.22-00.43.42:369][  0]LogInit: Computer: DESKTOP-OI4DVA3
[2018.09.22-00.43.42:369][  0]LogInit: User: gabri
[2018.09.22-00.43.42:369][  0]LogInit: CPU Page size=4096, Cores=2
[2018.09.22-00.43.42:369][  0]LogInit: High frequency timer resolution =2.533199 MHz
[2018.09.22-00.43.42:370][  0]LogMemory: Memory total: Physical=3.9GB (4GB approx)
[2018.09.22-00.43.42:370][  0]LogMemory: Platform Memory Stats for Windows
[2018.09.22-00.43.42:370][  0]LogMemory: Process Physical Memory: 272.98 MB used, 272.98 MB peak
[2018.09.22-00.43.42:370][  0]LogMemory: Process Virtual Memory: 266.05 MB used, 266.05 MB peak
[2018.09.22-00.43.42:370][  0]LogMemory: Physical Memory: 1240.01 MB used,  2739.38 MB free, 3979.39 MB total
[2018.09.22-00.43.42:370][  0]LogMemory: Virtual Memory: 4782.96 MB used,  2739.38 MB free, 134217728.00 MB total
[2018.09.22-00.43.42:772][  0]LogInit: Using OS detected language (en-US).
[2018.09.22-00.43.42:772][  0]LogInit: Using OS detected locale (en-US).
[2018.09.22-00.43.42:969][  0]LogTextLocalizationManager: No specific localization for 'en-US' exists, so the 'en' localization will be used.
[2018.09.22-00.43.43:787][  0]LogStreaming: Display: Took  1.016s to EndInitTextLocalization.
[2018.09.22-00.43.43:788][  0]LogInit: Setting process to per monitor DPI aware
[2018.09.22-00.43.44:328][  0]LogSlate: New Slate User Created.  User Index 0, Is Virtual User: 0
[2018.09.22-00.43.44:328][  0]LogSlate: Slate User Registered.  User Index 0, Is Virtual User: 0
[2018.09.22-00.43.45:767][  0]LogD3D11RHI: D3D11 adapters:
[2018.09.22-00.43.46:182][  0]LogD3D11RHI:    0. 'NVIDIA GeForce 820M' (Feature Level 11_0)
[2018.09.22-00.43.46:182][  0]LogD3D11RHI:       969/0/1989 MB DedicatedVideo/DedicatedSystem/SharedSystem, Outputs:1, VendorId:0x10de
[2018.09.22-00.43.46:261][  0]LogD3D11RHI:    1. 'Intel(R) HD Graphics Family' (Feature Level 11_0)
[2018.09.22-00.43.46:261][  0]LogD3D11RHI:       112/0/1989 MB DedicatedVideo/DedicatedSystem/SharedSystem, Outputs:0, VendorId:0x8086
[2018.09.22-00.43.46:360][  0]LogD3D11RHI:    2. 'Microsoft Basic Render Driver' (Feature Level 11_0)
[2018.09.22-00.43.46:360][  0]LogD3D11RHI:       0/0/1989 MB DedicatedVideo/DedicatedSystem/SharedSystem, Outputs:0, VendorId:0x1414
[2018.09.22-00.43.46:360][  0]LogD3D11RHI: Chosen D3D11 Adapter: 0
[2018.09.22-00.43.46:373][  0]LogD3D11RHI: Creating new Direct3DDevice
[2018.09.22-00.43.46:373][  0]LogD3D11RHI:     GPU DeviceId: 0x1140 (for the marketing name, search the web for "GPU Device Id")
[2018.09.22-00.43.46:373][  0]LogWindows: EnumDisplayDevices:
[2018.09.22-00.43.46:373][  0]LogWindows:    0. 'Intel(R) HD Graphics Family' (P:1 D:1)
[2018.09.22-00.43.46:373][  0]LogWindows:    1. 'Intel(R) HD Graphics Family' (P:0 D:0)
[2018.09.22-00.43.46:374][  0]LogWindows:    2. 'Intel(R) HD Graphics Family' (P:0 D:0)
[2018.09.22-00.43.46:374][  0]LogWindows: DebugString: GetVideoDriverDetailsInvalid PrimaryIsNotTheChoosenAdapter GetVideoDriverDetailsInvalid PrimaryIsNotTheChoosenAdapter GetVideoDriverDetailsInvalid PrimaryIsNotTheChoosenAdapter FoundDriverCount:0 
[2018.09.22-00.43.46:374][  0]LogD3D11RHI:     Adapter Name: NVIDIA GeForce 820M
[2018.09.22-00.43.46:374][  0]LogD3D11RHI:   Driver Version: Unknown (internal:Unknown, unified:Unknown)
[2018.09.22-00.43.46:374][  0]LogD3D11RHI:      Driver Date: Unknown
[2018.09.22-00.43.46:374][  0]LogRHI: Texture pool is 678 MB (70% of 969 MB)
[2018.09.22-00.43.46:406][  0]LogD3D11RHI: Display: Timestamp queries are currently disabled on this hardware due to instability. Realtime GPU stats will not be available. You can override this behaviour by setting r.NVIDIATimestampWorkaround to 0
[2018.09.22-00.43.46:407][  0]LogD3D11RHI: [Aftermath] Aftermath enabled and primed
[2018.09.22-00.43.46:407][  0]LogD3D11RHI: [Aftermath] Aftermath enabled and primed
[2018.09.22-00.43.46:407][  0]LogD3D11RHI: Async texture creation enabled
[2018.09.22-00.43.46:426][  0]LogD3D11RHI: GPU Timing Frequency: 1000.000000 (Debug: 2 2)
[2018.09.22-00.43.46:426][  0]LogShaderCompilers: Guid format shader working directory is -12 characters bigger than the processId version (../../../../../../Projects/Unreal Engine/Project_Beta/Game/Intermediate/Shaders/WorkingDirectory/3704/).
[2018.09.22-00.43.46:427][  0]LogShaderCompilers: Cleaned the shader compiler working directory 'C:/Users/gabri/AppData/Local/Temp/UnrealShaderWorkingDir/6C2522934B6B9844BDD76796139AD445/'.
[2018.09.22-00.43.51:751][  0]LogTemp: Display: Loaded TP AllDesktopTargetPlatform
[2018.09.22-00.43.51:796][  0]LogTemp: Display: Loaded TP MacClientTargetPlatform
[2018.09.22-00.43.51:828][  0]LogTemp: Display: Loaded TP MacNoEditorTargetPlatform
[2018.09.22-00.43.51:849][  0]LogTemp: Display: Loaded TP MacServerTargetPlatform
[2018.09.22-00.43.51:871][  0]LogTemp: Display: Loaded TP MacTargetPlatform
[2018.09.22-00.43.51:905][  0]LogTemp: Display: Loaded TP WindowsClientTargetPlatform
[2018.09.22-00.43.51:920][  0]LogTemp: Display: Loaded TP WindowsNoEditorTargetPlatform
[2018.09.22-00.43.51:946][  0]LogTemp: Display: Loaded TP WindowsServerTargetPlatform
[2018.09.22-00.43.51:954][  0]LogTemp: Display: Loaded TP WindowsTargetPlatform
[2018.09.22-00.43.51:980][  0]LogTemp: Display: Loaded TP Android_ASTCTargetPlatform
[2018.09.22-00.43.52:036][  0]LogTemp: Display: Loaded TP Android_ATCTargetPlatform
[2018.09.22-00.43.52:079][  0]LogTemp: Display: Loaded TP Android_DXTTargetPlatform
[2018.09.22-00.43.52:111][  0]LogTemp: Display: Loaded TP Android_ETC1aTargetPlatform
[2018.09.22-00.43.52:139][  0]LogTemp: Display: Loaded TP Android_ETC1TargetPlatform
[2018.09.22-00.43.52:158][  0]LogTemp: Display: Loaded TP Android_ETC2TargetPlatform
[2018.09.22-00.43.52:204][  0]LogTemp: Display: Loaded TP Android_MultiTargetPlatform
[2018.09.22-00.43.52:204][  0]LogTemp: Display: Loaded TP Android_PVRTCTargetPlatform
[2018.09.22-00.43.52:279][  0]LogTemp: Display: Loaded TP AndroidTargetPlatform
[2018.09.22-00.43.52:341][  0]LogTemp: Display: Loaded TP HTML5TargetPlatform
[2018.09.22-00.43.52:468][  0]LogTemp: Display: Loaded TP IOSTargetPlatform
[2018.09.22-00.43.52:480][  0]LogTemp: Display: Loaded TP TVOSTargetPlatform
[2018.09.22-00.43.52:513][  0]LogTemp: Display: Loaded TP LinuxClientTargetPlatform
[2018.09.22-00.43.52:535][  0]LogTemp: Display: Loaded TP LinuxNoEditorTargetPlatform
[2018.09.22-00.43.52:556][  0]LogTemp: Display: Loaded TP LinuxServerTargetPlatform
[2018.09.22-00.43.52:600][  0]LogTemp: Display: Loaded TP LinuxTargetPlatform
[2018.09.22-00.43.52:600][  0]LogTargetPlatformManager: Display: Building Assets For Windows
[2018.09.22-00.43.53:571][  0]LogXGEController: Cannot use XGE Controller as Incredibuild is not installed on this machine.
[2018.09.22-00.43.53:571][  0]LogShaderCompilers: Cannot use XGE Shader Compiler as Incredibuild is not installed on this machine.
[2018.09.22-00.43.53:571][  0]LogShaderCompilers: Display: Using Local Shader Compiler.
[2018.09.22-00.43.55:671][  0]LogDerivedDataCache: Display: Max Cache Size: 512 MB
[2018.09.22-00.43.56:443][  0]LogDerivedDataCache: Loaded boot cache 0.75s 74MB C:/Users/gabri/AppData/Local/UnrealEngine/4.19/DerivedDataCache/Boot.ddc.
[2018.09.22-00.43.56:444][  0]LogDerivedDataCache: Display: Loaded Boot cache: C:/Users/gabri/AppData/Local/UnrealEngine/4.19/DerivedDataCache/Boot.ddc
[2018.09.22-00.43.56:444][  0]LogDerivedDataCache: FDerivedDataBackendGraph:  Pak pak cache file ../../../../../../Projects/Unreal Engine/Project_Beta/Game/DerivedDataCache/DDC.ddp not found, will not use a pak cache.
[2018.09.22-00.43.56:444][  0]LogDerivedDataCache: Unable to find inner node Pak for hierarchical cache Hierarchy.
[2018.09.22-00.43.56:444][  0]LogDerivedDataCache: FDerivedDataBackendGraph:  CompressedPak pak cache file ../../../../../../Projects/Unreal Engine/Project_Beta/Game/DerivedDataCache/Compressed.ddp not found, will not use a pak cache.
[2018.09.22-00.43.56:444][  0]LogDerivedDataCache: Unable to find inner node CompressedPak for hierarchical cache Hierarchy.
[2018.09.22-00.43.56:488][  0]LogDerivedDataCache: Display: Pak cache opened for reading ../../../Engine/DerivedDataCache/Compressed.ddp.
[2018.09.22-00.43.56:500][  0]LogDerivedDataCache: Using Local data cache path C:/Users/gabri/AppData/Local/UnrealEngine/Common/DerivedDataCache: Writable
[2018.09.22-00.43.56:500][  0]LogDerivedDataCache: Shared data cache path not found in *engine.ini, will not use an Shared cache.
[2018.09.22-00.43.56:500][  0]LogDerivedDataCache: Unable to find inner node Shared for hierarchical cache Hierarchy.
[2018.09.22-00.43.56:513][  0]LogMaterial: Verifying Global Shaders for PCD3D_SM5
[2018.09.22-00.43.56:513][  0]LogSlate: Using Freetype 2.6.0
[2018.09.22-00.43.56:595][  0]LogSlate: SlateFontCache - WITH_FREETYPE: 1, WITH_HARFBUZZ: 1
[2018.09.22-00.43.56:595][  0]LogSlate: SlateFontCache - WITH_FREETYPE: 1, WITH_HARFBUZZ: 1
[2018.09.22-00.44.00:103][  0]LogAssetRegistry: FAssetRegistry took 0.0265 seconds to start up
[2018.09.22-00.44.02:030][  0]LogInit: Selected Device Profile: [Windows]
[2018.09.22-00.44.02:685][  0]LogSimplygon: Simplygon DLL not present - disabling.
[2018.09.22-00.44.02:742][  0]LogMeshReduction: Using SimplygonSwarm for distributed automatic mesh merging
[2018.09.22-00.44.02:742][  0]LogMeshReduction: Using QuadricMeshReduction for automatic static mesh reduction
[2018.09.22-00.44.02:742][  0]LogMeshReduction: No automatic skeletal mesh reduction module available
[2018.09.22-00.44.02:742][  0]LogMeshReduction: No automatic mesh merging module available
[2018.09.22-00.44.02:742][  0]LogMeshMerging: No automatic mesh merging module available
[2018.09.22-00.44.02:767][  0]LogNetVersion: Game , NetCL: 3944462, EngineNetVer: 2, GameNetVer: 0 (Checksum: 2589384339)
[2018.09.22-00.44.03:437][  0]LogPackageLocalizationCache: Processed 9 localized package path(s) for 2 prioritized culture(s) in 0.048781 seconds
[2018.09.22-00.44.03:444][  0]LogUObjectArray: 36728 objects as part of root set at end of initial load.
[2018.09.22-00.44.03:444][  0]LogUObjectAllocator: 7314312 out of 0 bytes used by permanent object pool.
[2018.09.22-00.44.03:444][  0]LogUObjectArray: CloseDisregardForGC: 0/0 objects in disregard for GC pool
[2018.09.22-00.44.31:588][  0]LogTcpMessaging: Initializing TcpMessaging bridge
[2018.09.22-00.44.31:653][  0]LogUdpMessaging: Initializing bridge on interface 0.0.0.0:0 to multicast group 230.0.0.1:6666.
[2018.09.22-00.44.32:784][  0]SourceControl: Source control is disabled
[2018.09.22-00.44.32:784][  0]SourceControl: Source control is disabled
[2018.09.22-00.44.32:875][  0]SourceControl: Source control is disabled
[2018.09.22-00.44.32:930][  0]SourceControl: Source control is disabled
[2018.09.22-00.44.34:361][  0]LogAndroidPermission: UAndroidPermissionCallbackProxy::GetInstance
[2018.09.22-00.44.35:507][  0]LogOcInput: OculusInput pre-init called
[2018.09.22-00.44.35:825][  0]LogEngine: Initializing Engine...
[2018.09.22-00.44.35:826][  0]LogHMD: Failed to initialize OpenVR with code 110
[2018.09.22-00.44.35:827][  0]LogStats: UGameplayTagsManager::ConstructGameplayTagTree: Construct from data asset -  0.000 s
[2018.09.22-00.44.35:827][  0]LogStats: UGameplayTagsManager::ConstructGameplayTagTree: GameplayTagTreeChangedEvent.Broadcast -  0.000 s
[2018.09.22-00.44.36:326][  0]LogAIModule: Creating AISystem for world Untitled
[2018.09.22-00.44.36:386][  0]LogInit: XAudio2 using 'Headset Earphone (HyperX 7.1 Audio)' : 2 channels at 48 kHz using 16 bits per sample (channel mask 0x3)
[2018.09.22-00.44.36:660][  0]LogInit: FAudioDevice initialized.
[2018.09.22-00.44.38:739][  0]LogDerivedDataCache: Saved boot cache 2.08s 74MB C:/Users/gabri/AppData/Local/UnrealEngine/4.19/DerivedDataCache/Boot.ddc.
[2018.09.22-00.44.38:757][  0]LogInit: Texture streaming: Enabled
[2018.09.22-00.44.39:007][  0]LogEngineSessionManager: EngineSessionManager initialized
[2018.09.22-00.44.39:301][  0]LogInit: Transaction tracking system initialized
[2018.09.22-00.44.40:585][  0]BlueprintLog: New page: Editor Load
[2018.09.22-00.44.42:394][  0]LocalizationService: Localization service is disabled
[2018.09.22-00.44.43:732][  0]LogConsoleResponse: Display: 
[2018.09.22-00.44.44:890][  0]LogCook: Display: Max memory allowance for cook 16384mb min free memory 0mb
[2018.09.22-00.44.44:890][  0]LogCook: Display: Mobile HDR setting 1
[2018.09.22-00.44.44:890][  0]LogGameplayTags: Display: UGameplayTagsManager::DoneAddingNativeTags. DelegateIsBound: 0
[2018.09.22-00.44.44:890][  0]LogStats: UGameplayTagsManager::ConstructGameplayTagTree: Construct from data asset -  0.000 s
[2018.09.22-00.44.44:890][  0]LogStats: UGameplayTagsManager::ConstructGameplayTagTree: GameplayTagTreeChangedEvent.Broadcast -  0.000 s
[2018.09.22-00.44.45:640][  0]LogFileCache: Scanning file cache for directory 'E:/Projects/Unreal Engine/Project_Beta/Game/Content/' took 0.07s
[2018.09.22-00.44.48:484][  0]SourceControl: Source control is disabled
[2018.09.22-00.44.48:484][  0]Cmd: MAP LOAD FILE="../../../../../../Projects/Unreal Engine/Project_Beta/Game/Content/ThirdPersonBP/Maps/ThirdPersonExampleMap.umap" TEMPLATE=0 SHOWPROGRESS=1 FEATURELEVEL=3
[2018.09.22-00.44.48:505][  0]LightingResults: New page: Lighting Build
[2018.09.22-00.44.48:567][  0]MapCheck: New page: Map Check
[2018.09.22-00.44.48:567][  0]LightingResults: New page: Lighting Build
[2018.09.22-00.44.50:256][  0]LogUObjectGlobals: Created PersistentFrame Addr=0x000001e4417ddb00, Size=64, Default__ThirdPerson_AnimBP_C Function /Game/Mannequin/Animations/ThirdPerson_AnimBP.ThirdPerson_AnimBP_C:ExecuteUbergraph_ThirdPerson_AnimBP
[2018.09.22-00.44.50:870][  0]LogUObjectGlobals: Destroyed PersistentFrame Addr=0x000001e4417ddb00, Size=64
[2018.09.22-00.44.50:870][  0]LogUObjectGlobals: Created PersistentFrame Addr=0x000001e4417ddc40, Size=64, Default__ThirdPerson_AnimBP_C Function /Engine/Transient.REINST_ThirdPerson_AnimBP_C_0:ExecuteUbergraph_ThirdPerson_AnimBP
[2018.09.22-00.44.51:517][  0]LogUObjectGlobals: Created PersistentFrame Addr=0x000001e4417d8540, Size=72, Default__ThirdPerson_AnimBP_C Function /Game/Mannequin/Animations/ThirdPerson_AnimBP.ThirdPerson_AnimBP_C:ExecuteUbergraph_ThirdPerson_AnimBP
[2018.09.22-00.44.52:870][  0]LogUObjectGlobals: Created PersistentFrame Addr=0x000001e46156aac0, Size=296, Default__ThirdPersonCharacter_C Function /Game/ThirdPersonBP/Blueprints/ThirdPersonCharacter.ThirdPersonCharacter_C:ExecuteUbergraph_ThirdPersonCharacter
[2018.09.22-00.44.52:957][  0]LogUObjectGlobals: Destroyed PersistentFrame Addr=0x000001e46156aac0, Size=296
[2018.09.22-00.44.52:957][  0]LogUObjectGlobals: Created PersistentFrame Addr=0x000001e46156aac0, Size=296, Default__ThirdPersonCharacter_C Function /Engine/Transient.REINST_ThirdPersonCharacter_C_4:ExecuteUbergraph_ThirdPersonCharacter
[2018.09.22-00.44.53:092][  0]LogUObjectGlobals: Created PersistentFrame Addr=0x000001e461569300, Size=296, Default__ThirdPersonCharacter_C Function /Game/ThirdPersonBP/Blueprints/ThirdPersonCharacter.ThirdPersonCharacter_C:ExecuteUbergraph_ThirdPersonCharacter
[2018.09.22-00.44.56:318][  0]LogSkeletalMesh: Skeletal Mesh found in DDC [300.375916ms] /Game/Mannequin/Character/Mesh/SK_Mannequin.SK_Mannequin
[2018.09.22-00.44.58:800][  0]LogAIModule: Creating AISystem for world ThirdPersonExampleMap
[2018.09.22-00.45.00:380][  0]LogEditorServer: Finished looking for orphan Actors (0.000 secs)
[2018.09.22-00.45.00:438][  0]LogUObjectGlobals: Destroyed PersistentFrame Addr=0x000001e4417ddc40, Size=64
[2018.09.22-00.45.00:438][  0]LogUObjectGlobals: Destroyed PersistentFrame Addr=0x000001e46156aac0, Size=296
[2018.09.22-00.45.00:474][  0]Cmd: MAP CHECKDEP NOCLEARLOG
[2018.09.22-00.45.00:519][  0]MapCheck: Map check complete: 0 Error(s), 0 Warning(s), took 44.995ms to complete.
[2018.09.22-00.45.00:519][  0]LogFileHelpers: Loading map 'ThirdPersonExampleMap' took 12.035
[2018.09.22-00.45.06:653][  0]LogCollectionManager: Loaded 0 collections in 0.001167 seconds
[2018.09.22-00.45.07:279][  0]LogFileCache: Scanning file cache for directory 'E:/Projects/Unreal Engine/Project_Beta/Game/Saved/Collections/' took 0.01s
[2018.09.22-00.45.07:280][  0]LogFileCache: Scanning file cache for directory 'E:/Projects/Unreal Engine/Project_Beta/Game/Content/Developers/gabri/Collections/' took 0.01s
[2018.09.22-00.45.07:280][  0]LogFileCache: Scanning file cache for directory 'E:/Projects/Unreal Engine/Project_Beta/Game/Content/Collections/' took 0.01s
[2018.09.22-00.45.07:280][  0]LogCollectionManager: Rebuilt the GUID cache for 0 collections in 0.000000 seconds
[2018.09.22-00.45.07:313][  0]LogContentBrowser: Native class hierarchy populated in 0.0113 seconds. Added 2452 classes and 558 folders.
[2018.09.22-00.45.07:628][  0]LogContentBrowser: Native class hierarchy updated for 'WidgetCarousel' in 0.0003 seconds. Added 0 classes and 0 folders.
[2018.09.22-00.45.09:652][  0]LogContentBrowser: Native class hierarchy updated for 'AddContentDialog' in 0.0002 seconds. Added 0 classes and 0 folders.
[2018.09.22-00.45.09:993][  0]LogContentBrowser: Native class hierarchy updated for 'SceneOutliner' in 0.0003 seconds. Added 1 classes and 2 folders.
[2018.09.22-00.45.12:119][  0]LogSlate: Took 0.010731 seconds to synchronously load lazily loaded font '../../../Engine/Content/Slate/Fonts/Roboto-Regular.ttf' (155K)
[2018.09.22-00.45.12:212][  0]LogSlate: Took 0.053076 seconds to synchronously load lazily loaded font '../../../Engine/Content/Slate/Fonts/Roboto-Bold.ttf' (160K)
[2018.09.22-00.45.12:656][  0]LogSlate: Took 0.032923 seconds to synchronously load lazily loaded font '../../../Engine/Content/Editor/Slate/Fonts/FontAwesome.ttf' (139K)
[2018.09.22-00.45.14:180][  0]LogRenderer: Reallocating scene render targets to support 856x372 Format 10 NumSamples 1 (Frame:1).
[2018.09.22-00.45.16:261][  0]LogContentBrowser: Native class hierarchy updated for 'HierarchicalLODOutliner' in 0.0003 seconds. Added 0 classes and 0 folders.
[2018.09.22-00.45.16:261][  0]LogLoad: (Engine Initialization) Total time: 132.45 seconds
[2018.09.22-00.45.16:261][  0]LogLoad: (Engine Initialization) Total Blueprint compile time: 0.00 seconds
[2018.09.22-00.45.16:735][  0]LogContentStreaming: Texture pool size now 1000 MB
[2018.09.22-00.45.16:947][  0]LogSlate: Took 0.008817 seconds to synchronously load lazily loaded font '../../../Engine/Content/Slate/Fonts/Roboto-Light.ttf' (167K)
[2018.09.22-00.45.17:515][  2]LogD3D11RHI: Timed out while waiting for GPU to catch up. (0.5 s)
[2018.09.22-00.45.19:790][  6]LogAssetRegistry: Asset discovery search completed in 79.7091 seconds
[2018.09.22-00.45.19:807][  6]LogCollectionManager: Rebuilt the object cache for 0 collections in 0.000000 seconds (found 0 objects)
[2018.09.22-00.45.19:807][  6]LogCollectionManager: Fixed up redirectors for 0 collections in 0.000184 seconds (updated 0 objects)
[2018.09.22-00.45.26:187][133]LogSlate: FSceneViewport::OnFocusLost() reason 0
[2018.09.22-00.45.32:685][425]LogAnimationCompression: Building Anim DDC data for AnimSequence /Game/ParagonTwinblast/Characters/Heroes/TwinBlast/Animations/Ability_ChargeBlast_Fire.Ability_ChargeBlast_Fire
[2018.09.22-00.45.32:735][425]LogAnimationCompression: Recompressing (AnimSequence /Game/ParagonTwinblast/Characters/Heroes/TwinBlast/Animations/Ability_ChargeBlast_Fire.Ability_ChargeBlast_Fire) using current/default (AnimCompress_PerTrackCompression_8296) bFirstRecompressUsingCurrentOrDefault(1) bTryAlternateCompressor(0) IsCompressedDataValid(0)
[2018.09.22-00.45.32:876][425]LogSlate: Took 0.000221 seconds to synchronously load lazily loaded font '../../../Engine/Content/Slate/Fonts/Roboto-Light.ttf' (167K)
[2018.09.22-00.45.38:676][425]LogSkeletalMesh: Skeletal Mesh found in DDC [190.085739ms] /Game/ParagonTwinblast/Characters/Heroes/TwinBlast/Meshes/TwinBlast.TwinBlast
[2018.09.22-00.46.19:640][425]LogTexture: Display: Building textures: T_TwinBlast_Arms_N (BC5, 4096X4096)
[2018.09.22-00.46.19:640][425]LogTexture: Display: Building textures: T_TwinBlast_Arms_RGB (AutoDXT, 4096X4096)
[2018.09.22-00.46.19:640][425]LogTexture: Display: Building textures: T_TwinBlast_Arms_MASK (AutoDXT, 4096X4096)
[2018.09.22-00.46.19:640][425]LogTexture: Display: Building textures: T_TwinBlast_Arms_Decals (AutoDXT, 4096X4096)
[2018.09.22-00.46.19:640][425]LogTexture: Display: Building textures: T_Fire_Gradient_COLOR (AutoDXT, 256X64)
[2018.09.22-00.46.19:640][425]LogTexture: Display: Building textures: T_TeethAndTongue_N (BC5, 1024X1024)
[2018.09.22-00.46.19:640][425]LogTexture: Display: Building textures: T_TeethAndTongue_D (AutoDXT, 1024X1024)
[2018.09.22-00.46.19:640][425]LogTexture: Display: Building textures: T_Master_Mouth_1_RGB (AutoDXT, 2048X2048)
[2018.09.22-00.46.19:640][425]LogMaterial: Missing cached shader map for material M_TwinBlast_Arms, compiling. 
[2018.09.22-00.46.20:766][425]LogTexture: Display: Building textures: T_Master_Mouth_1_N (BC5, 2048X2048)
[2018.09.22-00.46.25:867][425]LogShaderCompilers: Display: Shaders left to compile 200
[2018.09.22-00.46.25:867][425]LogShaderCompilers: Display: Shaders left to compile 190
[2018.09.22-00.46.25:868][425]LogShaderCompilers: Display: Shaders left to compile 180
[2018.09.22-00.46.25:868][425]LogTexture: Display: Building textures: T_Master_Mouth_1_COLOR (AutoDXT, 2048X2048)
[2018.09.22-00.46.25:868][425]LogTexture: Display: Building textures: T_TwinBlast_Coat_Head_N (BC5, 4096X4096)
[2018.09.22-00.46.32:796][425]LogTexture: Display: Building textures: T_TwinBlast_Pistol_RGB (AutoDXT, 4096X4096)
[2018.09.22-00.46.36:167][425]LogTexture: Display: Building textures: T_TwinBlast_Pistol_N (BC5, 4096X4096)
[2018.09.22-00.46.36:167][425]LogTexture: Display: Building textures: T_TwinBlast_Coat_Head_RGB (AutoDXT, 4096X4096)
[2018.09.22-00.47.03:251][425]LogTexture: Display: Building textures: T_TwinBlast_Pistol_MASK (AutoDXT, 4096X4096)
[2018.09.22-00.47.03:252][425]LogTexture: Display: Building textures: T_TwinBlast_Pistol_Decals (AutoDXT, 4096X4096)
[2018.09.22-00.47.03:252][425]LogTexture: Display: Building textures: T_TwinBlast_LowerBody_RGB (AutoDXT, 4096X4096)
[2018.09.22-00.47.09:427][425]LogTexture: Display: Building textures: T_Honeycomb_D (AutoDXT, 2048X2048)
[2018.09.22-00.47.19:198][425]LogShaderCompilers: Display: Shaders left to compile 170
[2018.09.22-00.47.19:198][425]LogTexture: Display: Building textures: T_TwinBlast_LowerBody_MASK2 (AutoDXT, 4096X4096)
[2018.09.22-00.47.20:492][425]LogTexture: Display: Building textures: T_TwinBlast_LowerBody_MASK (AutoDXT, 4096X4096)
[2018.09.22-00.47.20:492][425]LogShaderCompilers: Display: Shaders left to compile 160
[2018.09.22-00.47.20:492][425]LogTexture: Display: Building textures: T_TwinBlast_Coat_Head_MASK (AutoDXT, 4096X4096)
[2018.09.22-00.47.25:107][425]LogShaderCompilers: Display: Shaders left to compile 150
[2018.09.22-00.47.27:210][425]LogTexture: Display: Building textures: T_TwinBlast_Coat_Head_MASK2 (AutoDXT, 4096X4096)
[2018.09.22-00.47.32:343][425]LogTexture: Display: Building textures: T_TwinBlast_LowerBody__normals (BC5, 4096X4096)
[2018.09.22-00.47.34:399][425]LogTexture: Display: Building textures: T_TwinBlast_Coat_Head_UnderLight_MASK (AutoDXT, 4096X4096)
[2018.09.22-00.47.37:148][425]LogTexture: Display: Building textures: T_TwinBlast_HEAD_Subsurface_test (AutoDXT, 4096X4096)
[2018.09.22-00.47.37:350][425]LogMaterial: Missing cached shader map for material M_TwinBlast_Coat, compiling. 
[2018.09.22-00.47.38:911][425]LogMaterial: Missing cached shader map for material M_Eye_Occlusion, compiling. 
[2018.09.22-00.47.39:773][425]LogMaterial: Missing cached shader map for material M_Mouth_Master, compiling. 
[2018.09.22-00.47.40:100][425]LogMaterial: Missing cached shader map for material M_EyelashMaster, compiling. 
[2018.09.22-00.47.40:908][425]LogMaterial: Missing cached shader map for material M_TwinBlast_Pistol, compiling. 
[2018.09.22-00.47.48:761][425]LogShaderCompilers: Display: Shaders left to compile 1165
[2018.09.22-00.47.48:761][425]LogShaderCompilers: Display: Shaders left to compile 1155
[2018.09.22-00.47.48:761][425]LogTexture: Display: Building textures: T_TwinBlast_Head_Color_Spec_Mask_D (AutoDXT, 4096X4096)
[2018.09.22-00.47.49:361][425]LogShaderCompilers: Display: Shaders left to compile 1145
[2018.09.22-00.47.49:460][425]LogMaterial: Missing cached shader map for material M_TwinBlast_LowerBody, compiling. 
[2018.09.22-00.48.14:067][425]LogShaderCompilers: Display: Shaders left to compile 1335
[2018.09.22-00.48.14:067][425]LogTexture: Display: Building textures: T_TwinBlast_UE4_Demo_Hair_D (AutoDXT, 2048X2048)
[2018.09.22-00.48.14:067][425]LogShaderCompilers: Display: Shaders left to compile 1325
[2018.09.22-00.48.14:067][425]LogTexture: Display: Building textures: T_TwinBlast_UE4_Demo_Hair_A (AutoDXT, 2048X2048)
[2018.09.22-00.48.14:067][425]LogShaderCompilers: Display: Shaders left to compile 1315
[2018.09.22-00.48.14:067][425]LogShaderCompilers: Display: Shaders left to compile 1305
[2018.09.22-00.48.14:067][425]LogTexture: Display: Building textures: T_TwinBlast_UE4_Demo_Eye_Scalara_Color (AutoDXT, 2048X2048)
[2018.09.22-00.48.14:068][425]LogShaderCompilers: Display: Shaders left to compile 1295
[2018.09.22-00.48.14:068][425]LogShaderCompilers: Display: Shaders left to compile 1285
[2018.09.22-00.48.16:122][425]LogShaderCompilers: Display: Shaders left to compile 1275
[2018.09.22-00.48.16:122][425]LogShaderCompilers: Display: Shaders left to compile 1265
[2018.09.22-00.48.16:122][425]LogTexture: Display: Building textures: T_TwinBlast_Head_Color_D (AutoDXT, 4096X4096)
[2018.09.22-00.48.30:943][425]LogShaderCompilers: Display: Shaders left to compile 1255
[2018.09.22-00.48.30:943][425]LogShaderCompilers: Display: Shaders left to compile 1245
[2018.09.22-00.48.30:943][425]LogShaderCompilers: Display: Shaders left to compile 1235
[2018.09.22-00.48.30:943][425]LogShaderCompilers: Display: Shaders left to compile 1225
[2018.09.22-00.48.30:943][425]LogShaderCompilers: Display: Shaders left to compile 1215
[2018.09.22-00.48.30:943][425]LogShaderCompilers: Display: Shaders left to compile 1205
[2018.09.22-00.48.31:169][425]LogMaterial: Missing cached shader map for material M_TwinBlast_Head_Shirt, compiling. 
[2018.09.22-00.48.31:410][425]LogMaterial: Missing cached shader map for material M_HairSheet_Master2, compiling. 
[2018.09.22-00.48.31:871][425]LogMaterial: Missing cached shader map for material M_HairSheet_Master2, compiling. 
[2018.09.22-00.48.32:250][425]LogMaterial: Missing cached shader map for material M_HairSheet_Master2, compiling. 
[2018.09.22-00.48.32:648][425]LogMaterial: Missing cached shader map for material M_EyeRefractive, compiling. 
[2018.09.22-00.48.32:907][425]LogShaderCompilers: Display: Shaders left to compile 2679
[2018.09.22-00.48.32:941][425]LogMaterial: Missing cached shader map for material M_TwinBlast_EyeBlend, compiling. 
[2018.09.22-00.48.33:159][425]LogShaderCompilers: Display: Shaders left to compile 2892
[2018.09.22-00.48.33:159][425]LogMaterial: Missing cached shader map for material M_TearLine, compiling. 
[2018.09.22-00.48.36:347][425]LogShaderCompilers: Display: Shaders left to compile 3183
[2018.09.22-00.48.39:003][425]LogShaderCompilers: Display: Shaders left to compile 3173
[2018.09.22-00.48.39:003][425]LogContentBrowser: Native class hierarchy updated for 'SkeletonEditor' in 0.3450 seconds. Added 1 classes and 2 folders.
[2018.09.22-00.48.40:347][425]LogShaderCompilers: Display: Shaders left to compile 3163
[2018.09.22-00.48.40:347][425]LogShaderCompilers: Display: Shaders left to compile 3153
[2018.09.22-00.48.42:840][425]LogShaderCompilers: Display: Shaders left to compile 3143
[2018.09.22-00.48.44:349][425]LogShaderCompilers: Display: Shaders left to compile 3133
[2018.09.22-00.48.47:973][425]LogShaderCompilers: Display: Shaders left to compile 3123
[2018.09.22-00.48.47:973][425]LogShaderCompilers: Display: Shaders left to compile 3113
[2018.09.22-00.48.49:935][425]LogActorComponent: RegisterComponentWithWorld: (/Engine/Transient.World_0:PersistentLevel.Actor_0.DebugSkelMeshComponent_0) Already registered. Aborting.
[2018.09.22-00.48.50:515][425]LogShaderCompilers: Display: Shaders left to compile 3103
[2018.09.22-00.48.50:576][425]LogSkeletalMesh: Building Skeletal Mesh TwinBlast_UltGun...
[2018.09.22-00.48.50:720][425]LogSkeletalMesh: Built Skeletal Mesh [0.17s] /Game/ParagonTwinblast/Characters/Heroes/TwinBlast/Meshes/TwinBlast_UltGun.TwinBlast_UltGun
[2018.09.22-00.48.51:578][425]LogContentBrowser: Native class hierarchy updated for 'PinnedCommandList' in 0.0148 seconds. Added 1 classes and 0 folders.
[2018.09.22-00.48.55:343][425]LogShaderCompilers: Display: Shaders left to compile 3093
[2018.09.22-00.48.55:343][425]LogShaderCompilers: Display: Shaders left to compile 3083
[2018.09.22-00.49.13:037][425]LogShaderCompilers: Display: Shaders left to compile 3073
[2018.09.22-00.49.13:037][425]LogShaderCompilers: Display: Shaders left to compile 3063
[2018.09.22-00.49.13:037][425]LogShaderCompilers: Display: Shaders left to compile 3053
[2018.09.22-00.49.13:038][425]LogShaderCompilers: Display: Shaders left to compile 3043
[2018.09.22-00.49.13:038][425]LogShaderCompilers: Display: Shaders left to compile 3033
[2018.09.22-00.49.13:038][425]LogShaderCompilers: Display: Shaders left to compile 3023
[2018.09.22-00.49.13:038][425]LogShaderCompilers: Display: Shaders left to compile 3013
[2018.09.22-00.49.13:038][425]LogShaderCompilers: Display: Shaders left to compile 3003
[2018.09.22-00.49.13:038][425]LogShaderCompilers: Display: Shaders left to compile 2993
[2018.09.22-00.49.13:038][425]LogShaderCompilers: Display: Shaders left to compile 2983
[2018.09.22-00.49.13:038][425]LogShaderCompilers: Display: Shaders left to compile 2973
[2018.09.22-00.49.13:038][425]LogShaderCompilers: Display: Shaders left to compile 2963
[2018.09.22-00.49.13:038][425]LogSkeletalMesh: USkeletalMeshComponent::InitArticulated : Bodies already created (/Engine/Transient.World_0:PersistentLevel.Actor_0.DebugSkelMeshComponent_0) - call TermArticulated first.
[2018.09.22-00.49.18:622][425]LogShaderCompilers: Display: Shaders left to compile 2953
[2018.09.22-00.49.18:622][425]LogShaderCompilers: Display: Shaders left to compile 2943
[2018.09.22-00.49.18:623][425]LogShaderCompilers: Display: Shaders left to compile 2933
[2018.09.22-00.49.18:623][425]LogShaderCompilers: Display: Shaders left to compile 2923
[2018.09.22-00.49.22:314][425]LogShaderCompilers: Display: Shaders left to compile 2913
[2018.09.22-00.49.22:314][425]LogShaderCompilers: Display: Shaders left to compile 2903
[2018.09.22-00.49.24:310][425]LogShaderCompilers: Display: Shaders left to compile 2893
[2018.09.22-00.49.26:400][425]LogShaderCompilers: Display: Shaders left to compile 2883
[2018.09.22-00.49.27:175][425]LogShaderCompilers: Display: Shaders left to compile 2873
[2018.09.22-00.49.28:420][425]LogShaderCompilers: Display: Shaders left to compile 2863
[2018.09.22-00.49.30:246][425]LogShaderCompilers: Display: Shaders left to compile 2853
[2018.09.22-00.49.31:449][425]LogShaderCompilers: Display: Shaders left to compile 2843
[2018.09.22-00.49.32:085][425]LogShaderCompilers: Display: Shaders left to compile 2833
[2018.09.22-00.49.34:116][425]LogShaderCompilers: Display: Shaders left to compile 2823
[2018.09.22-00.49.35:562][425]LogShaderCompilers: Display: Shaders left to compile 2813
[2018.09.22-00.49.36:719][425]LogShaderCompilers: Display: Shaders left to compile 2803
[2018.09.22-00.49.37:111][425]LogShaderCompilers: Display: Shaders left to compile 2793
[2018.09.22-00.49.38:322][425]LogShaderCompilers: Display: Shaders left to compile 2783
[2018.09.22-00.49.39:326][425]LogShaderCompilers: Display: Shaders left to compile 2773
[2018.09.22-00.49.42:471][425]LogShaderCompilers: Display: Shaders left to compile 2763
[2018.09.22-00.49.42:857][425]LogShaderCompilers: Display: Shaders left to compile 2753
[2018.09.22-00.49.43:429][425]LogShaderCompilers: Display: Shaders left to compile 2743
[2018.09.22-00.49.46:018][425]LogShaderCompilers: Display: Shaders left to compile 2733
[2018.09.22-00.49.46:428][425]LogShaderCompilers: Display: Shaders left to compile 2723
[2018.09.22-00.49.49:961][425]LogShaderCompilers: Display: Shaders left to compile 2713
[2018.09.22-00.49.49:961][425]LogShaderCompilers: Display: Shaders left to compile 2703
[2018.09.22-00.49.49:961][425]LogShaderCompilers: Display: Shaders left to compile 2693
[2018.09.22-00.49.54:700][425]LogShaderCompilers: Display: Shaders left to compile 2683
[2018.09.22-00.49.54:700][425]LogShaderCompilers: Display: Shaders left to compile 2673
[2018.09.22-00.49.54:818][425]LogContentBrowser: Native class hierarchy updated for 'ClothingSystemEditorInterface' in 0.0005 seconds. Added 1 classes and 0 folders.
[2018.09.22-00.49.55:410][425]LogShaderCompilers: Display: Shaders left to compile 2663
[2018.09.22-00.49.55:410][425]LogContentBrowser: Verbose: The majority of assets in the view are of type: AnimSequence
[2018.09.22-00.49.56:259][426]LogShaderCompilers: Display: Shaders left to compile 2653
[2018.09.22-00.49.57:593][427]LogShaderCompilers: Display: Shaders left to compile 2643
[2018.09.22-00.49.59:858][431]LogShaderCompilers: Display: Shaders left to compile 2633
[2018.09.22-00.50.00:780][431]LogShaderCompilers: Display: Shaders left to compile 2623
[2018.09.22-00.50.00:797][431]LogShaderCompilers: Display: Shaders left to compile 2613
[2018.09.22-00.50.06:001][441]LogShaderCompilers: Display: Shaders left to compile 2603
[2018.09.22-00.50.06:001][441]LogShaderCompilers: Display: Shaders left to compile 2593
[2018.09.22-00.50.06:173][441]LogShaderCompilers: Display: Shaders left to compile 2583
[2018.09.22-00.50.07:681][452]LogShaderCompilers: Display: Shaders left to compile 2573
[2018.09.22-00.50.12:041][466]LogShaderCompilers: Display: Shaders left to compile 2563
[2018.09.22-00.50.12:536][466]LogShaderCompilers: Display: Shaders left to compile 2553
[2018.09.22-00.50.15:201][516]LogShaderCompilers: Display: Shaders left to compile 2543
[2018.09.22-00.50.18:404][567]LogShaderCompilers: Display: Shaders left to compile 2533
[2018.09.22-00.50.21:004][589]LogSlate: Window 'Ability_ChargeBlast_Fire' being destroyed
[2018.09.22-00.50.21:059][589]LogSlate: Window 'Ability_ChargeBlast_Fire' being destroyed
[2018.09.22-00.50.25:390][674]LogShaderCompilers: Display: Shaders left to compile 2523
[2018.09.22-00.50.25:809][674]LogShaderCompilers: Display: Shaders left to compile 2513
[2018.09.22-00.50.27:199][674]LogShaderCompilers: Display: Shaders left to compile 2503
[2018.09.22-00.50.28:273][674]LogSlate: Window 'Save Content' being destroyed
[2018.09.22-00.50.28:635][674]LogSlate: Window 'Game - Unreal Editor' being destroyed
[2018.09.22-00.50.30:153][675]LogShaderCompilers: Display: Shaders left to compile 2493
[2018.09.22-00.50.30:153][675]Cmd: QUIT_EDITOR
[2018.09.22-00.50.47:123][675]LogShaderCompilers: Display: Shaders left to compile 2483
[2018.09.22-00.50.47:123][675]LogShaderCompilers: Display: Shaders left to compile 2473
[2018.09.22-00.50.47:123][675]LogShaderCompilers: Display: Shaders left to compile 2463
[2018.09.22-00.50.47:123][675]LogShaderCompilers: Display: Shaders left to compile 2453
[2018.09.22-00.50.47:123][675]LogShaderCompilers: Display: Shaders left to compile 2443
[2018.09.22-00.50.47:123][675]LogShaderCompilers: Display: Shaders left to compile 2433
[2018.09.22-00.50.47:123][675]LogShaderCompilers: Display: Shaders left to compile 2423
[2018.09.22-00.50.47:123][675]LogShaderCompilers: Display: Shaders left to compile 2413
[2018.09.22-00.50.47:123][675]LogShaderCompilers: Display: Shaders left to compile 2403
[2018.09.22-00.50.47:722][675]LogWindowsTextInputMethodSystem: Display: IME system now deactivated.
[2018.09.22-00.50.49:315][675]LogShaderCompilers: Display: Shaders left to compile 2393
[2018.09.22-00.50.49:315][675]LogShaderCompilers: Display: Shaders left to compile 2383
[2018.09.22-00.50.49:315][675]LogSlate: Slate User Destroyed.  User Index 0, Is Virtual User: 0
[2018.09.22-00.50.50:450][675]LogShaderCompilers: Display: Shaders left to compile 2373
[2018.09.22-00.50.50:450][675]LogExit: Preparing to exit.
